Using pre-set license
Built from '6000.0/release' branch; Version is '6000.0.43f1 (97272b72f107) revision 9905963'; Using compiler version '193933523'; Build Type 'Release'
OS: 'Windows 10  (10.0.19045) 64bit Professional' Language: 'en' Physical Memory: 32693 MB
BatchMode: 1, IsHumanControllingUs: 0, StartBugReporterOnCrash: 0, Is64bit: 1, IsPro: 1

COMMAND LINE ARGUMENTS:
C:\Program Files\Unity\Hub\Editor\6000.0.43f1\Editor\Unity.exe
-adb2
-batchMode
-noUpm
-name
AssetImportWorker2
-projectPath
E:/project/CafeDisco/CafeDisco
-logFile
Logs/AssetImportWorker2.log
-srvPort
54301
-job-worker-count
5
-background-job-worker-count
8
-gc-helper-count
1
Successfully changed project path to: E:/project/CafeDisco/CafeDisco
E:/project/CafeDisco/CafeDisco
[UnityMemory] Configuration Parameters - Can be set up in boot.config
    "memorysetup-bucket-allocator-granularity=16"
    "memorysetup-bucket-allocator-bucket-count=8"
    "memorysetup-bucket-allocator-block-size=33554432"
    "memorysetup-bucket-allocator-block-count=8"
    "memorysetup-main-allocator-block-size=16777216"
    "memorysetup-thread-allocator-block-size=16777216"
    "memorysetup-gfx-main-allocator-block-size=16777216"
    "memorysetup-gfx-thread-allocator-block-size=16777216"
    "memorysetup-cache-allocator-block-size=4194304"
    "memorysetup-typetree-allocator-block-size=2097152"
    "memorysetup-profiler-bucket-allocator-granularity=16"
    "memorysetup-profiler-bucket-allocator-bucket-count=8"
    "memorysetup-profiler-bucket-allocator-block-size=33554432"
    "memorysetup-profiler-bucket-allocator-block-count=8"
    "memorysetup-profiler-allocator-block-size=16777216"
    "memorysetup-profiler-editor-allocator-block-size=1048576"
    "memorysetup-temp-allocator-size-main=16777216"
    "memorysetup-job-temp-allocator-block-size=2097152"
    "memorysetup-job-temp-allocator-block-size-background=1048576"
    "memorysetup-job-temp-allocator-reduction-small-platforms=262144"
    "memorysetup-allocator-temp-initial-block-size-main=262144"
    "memorysetup-allocator-temp-initial-block-size-worker=262144"
    "memorysetup-temp-allocator-size-background-worker=32768"
    "memorysetup-temp-allocator-size-job-worker=262144"
    "memorysetup-temp-allocator-size-preload-manager=33554432"
    "memorysetup-temp-allocator-size-nav-mesh-worker=65536"
    "memorysetup-temp-allocator-size-audio-worker=65536"
    "memorysetup-temp-allocator-size-cloud-worker=32768"
    "memorysetup-temp-allocator-size-gi-baking-worker=262144"
    "memorysetup-temp-allocator-size-gi-baking-worker=262144"
    "memorysetup-temp-allocator-size-gi-baking-worker=262144"
    "memorysetup-temp-allocator-size-gi-baking-worker=262144"
    "memorysetup-temp-allocator-size-gi-baking-worker=262144"
    "memorysetup-temp-allocator-size-gfx=262144"
Player connection [27728]  Target information:

Player connection [27728]  * "[IP] 192.168.2.113 [Port] 0 [Flags] 2 [Guid] 1341377530 [EditorId] 1341377530 [Version] 1048832 [Id] WindowsEditor(7,NGOCHA-Computer) [Debug] 1 [PackageName] WindowsEditor [ProjectName] Editor" 

Player connection [27728]  * "[IP] 127.0.2.2 [Port] 0 [Flags] 2 [Guid] 1341377530 [EditorId] 1341377530 [Version] 1048832 [Id] WindowsEditor(7,NGOCHA-Computer) [Debug] 1 [PackageName] WindowsEditor [ProjectName] Editor" 

Player connection [27728]  * "[IP] 127.0.2.3 [Port] 0 [Flags] 2 [Guid] 1341377530 [EditorId] 1341377530 [Version] 1048832 [Id] WindowsEditor(7,NGOCHA-Computer) [Debug] 1 [PackageName] WindowsEditor [ProjectName] Editor" 

Player connection [27728]  * "[IP] 172.16.0.2 [Port] 0 [Flags] 2 [Guid] 1341377530 [EditorId] 1341377530 [Version] 1048832 [Id] WindowsEditor(7,NGOCHA-Computer) [Debug] 1 [PackageName] WindowsEditor [ProjectName] Editor" 

Player connection [27728] Host joined multi-casting on [225.0.0.222:54997]...
Player connection [27728] Host joined alternative multi-casting on [225.0.0.222:34997]...
JobSystem: Creating JobQueue using job-worker-count value 5
Input System module state changed to: Initialized.
[Physics::Module] Initialized fallback backend.
[Physics::Module] Id: 0xdecafbad
Library Redirect Path: Library/
[Physics::Module] Selected backend.
[Physics::Module] Name: PhysX
[Physics::Module] Id: 0xf2b8ea05
[Physics::Module] SDK Version: 4.1.2
[Physics::Module] Integration Version: 1.0.0
[Physics::Module] Threading Mode: Multi-Threaded
Refreshing native plugins compatible for Editor in 1.87 ms, found 4 plugins.
Preloading 0 native plugins for Editor in 0.00 ms.
Initialize engine version: 6000.0.43f1 (97272b72f107)
[Subsystems] Discovering subsystems at path C:/Program Files/Unity/Hub/Editor/6000.0.43f1/Editor/Data/Resources/UnitySubsystems
[Subsystems] Discovering subsystems at path E:/project/CafeDisco/CafeDisco/Assets
GfxDevice: creating device client; kGfxThreadingModeNonThreaded
Direct3D:
    Version:  Direct3D 11.0 [level 11.1]
    Renderer: NVIDIA GeForce RTX 3070 (ID=0x2488)
    Vendor:   NVIDIA
    VRAM:     8018 MB
    Driver:   32.0.15.6094
Initialize mono
Mono path[0] = 'C:/Program Files/Unity/Hub/Editor/6000.0.43f1/Editor/Data/Managed'
Mono path[1] = 'C:/Program Files/Unity/Hub/Editor/6000.0.43f1/Editor/Data/MonoBleedingEdge/lib/mono/unityjit-win32'
Mono config path = 'C:/Program Files/Unity/Hub/Editor/6000.0.43f1/Editor/Data/MonoBleedingEdge/etc'
Using monoOptions --debugger-agent=transport=dt_socket,embedding=1,server=y,suspend=n,address=127.0.0.1:56880
Begin MonoManager ReloadAssembly
Registering precompiled unity dll's ...
Register platform support module: C:/Program Files/Unity/Hub/Editor/6000.0.43f1/Editor/Data/PlaybackEngines/WindowsStandaloneSupport/UnityEditor.WindowsStandalone.Extensions.dll
Register platform support module: C:/Program Files/Unity/Hub/Editor/6000.0.43f1/Editor/Data/PlaybackEngines/AndroidPlayer/UnityEditor.Android.Extensions.dll
Registered in 0.003825 seconds.
- Loaded All Assemblies, in  0.338 seconds
Native extension for Android target not found
Android Extension - Scanning For ADB Devices 236 ms
Native extension for WindowsStandalone target not found
Mono: successfully reloaded assembly
- Finished resetting the current domain, in  0.545 seconds
Domain Reload Profiling: 881ms
	BeginReloadAssembly (118ms)
		ExecutionOrderSort (0ms)
		DisableScriptedObjects (0ms)
		BackupInstance (0ms)
		ReleaseScriptingObjects (0ms)
		CreateAndSetChildDomain (1ms)
	RebuildCommonClasses (32ms)
	RebuildNativeTypeToScriptingClass (10ms)
	initialDomainReloadingComplete (44ms)
	LoadAllAssembliesAndSetupDomain (133ms)
		LoadAssemblies (116ms)
		RebuildTransferFunctionScriptingTraits (0ms)
		AnalyzeDomain (129ms)
			TypeCache.Refresh (128ms)
				TypeCache.ScanAssembly (117ms)
			BuildScriptInfoCaches (0ms)
			ResolveRequiredComponents (0ms)
	FinalizeReload (545ms)
		ReleaseScriptCaches (0ms)
		RebuildScriptCaches (0ms)
		SetupLoadedEditorAssemblies (504ms)
			LogAssemblyErrors (0ms)
			InitializePlatformSupportModulesInManaged (311ms)
			SetLoadedEditorAssemblies (3ms)
			BeforeProcessingInitializeOnLoad (44ms)
			ProcessInitializeOnLoadAttributes (96ms)
			ProcessInitializeOnLoadMethodAttributes (50ms)
			AfterProcessingInitializeOnLoad (0ms)
			EditorAssembliesLoaded (0ms)
		ExecutionOrderSort2 (0ms)
		AwakeInstancesAfterBackupRestoration (0ms)
========================================================================
Worker process is ready to serve import requests
Import Worker Mode flag is 0x00
Begin MonoManager ReloadAssembly
- Loaded All Assemblies, in  0.698 seconds
Refreshing native plugins compatible for Editor in 1.05 ms, found 4 plugins.
Native extension for Android target not found
Native extension for WindowsStandalone target not found
Package Manager log level set to [2]
[Package Manager] Failed to launch server process. Reason: Unity was launched with the -noUpm command-line argument
[Package Manager] Unable to send message (not connected to server process).
[Package Manager] Cannot connect to Unity Package Manager local server
Assertion failed on expression: '!AssetDatabase::IsAssetImportWorkerProcess()'
UnityEngine.Debug:ExtractStackTraceNoAlloc (byte*,int,string)
UnityEngine.StackTraceUtility:ExtractStackTrace ()
Coffee.UIEffectInternal.CgincPathSync:UpdateTmpCgincPath () (at ./Library/PackageCache/com.coffee.ui-effect@38e4b0a26404/Runtime/Internal/Utilities/CgincPathSync.cs:51)
Coffee.UIEffectInternal.CgincPathSync:RegisterShaders (string,string[]) (at ./Library/PackageCache/com.coffee.ui-effect@38e4b0a26404/Runtime/Internal/Utilities/CgincPathSync.cs:20)
Coffee.UIEffects.UIEffectProjectSettings:InitializeOnLoadMethod () (at ./Library/PackageCache/com.coffee.ui-effect@38e4b0a26404/Runtime/UIEffectProjectSettings.cs:131)
System.Reflection.RuntimeMethodInfo:Invoke (object,System.Reflection.BindingFlags,System.Reflection.Binder,object[],System.Globalization.CultureInfo)
System.Reflection.MethodBase:Invoke (object,object[])
UnityEditor.EditorAssemblies:ProcessInitializeOnLoadMethodAttributes ()

[./Library/PackageCache/com.coffee.ui-effect@38e4b0a26404/Runtime/Internal/Utilities/CgincPathSync.cs line 51]

Asset Pipeline Refresh (id=c9e9ecb33f39cc241a75e3d8a532c88a): Total: 0.001 seconds - Initiated by StopAssetImportingV2(NoUpdateAssetOptions)
Mono: successfully reloaded assembly
- Finished resetting the current domain, in  0.698 seconds
Domain Reload Profiling: 1393ms
	BeginReloadAssembly (156ms)
		ExecutionOrderSort (0ms)
		DisableScriptedObjects (6ms)
		BackupInstance (0ms)
		ReleaseScriptingObjects (0ms)
		CreateAndSetChildDomain (30ms)
	RebuildCommonClasses (31ms)
	RebuildNativeTypeToScriptingClass (11ms)
	initialDomainReloadingComplete (35ms)
	LoadAllAssembliesAndSetupDomain (462ms)
		LoadAssemblies (309ms)
		RebuildTransferFunctionScriptingTraits (0ms)
		AnalyzeDomain (244ms)
			TypeCache.Refresh (178ms)
				TypeCache.ScanAssembly (163ms)
			BuildScriptInfoCaches (53ms)
			ResolveRequiredComponents (11ms)
	FinalizeReload (699ms)
		ReleaseScriptCaches (0ms)
		RebuildScriptCaches (0ms)
		SetupLoadedEditorAssemblies (563ms)
			LogAssemblyErrors (0ms)
			InitializePlatformSupportModulesInManaged (10ms)
			SetLoadedEditorAssemblies (3ms)
			BeforeProcessingInitializeOnLoad (104ms)
			ProcessInitializeOnLoadAttributes (326ms)
			ProcessInitializeOnLoadMethodAttributes (116ms)
			AfterProcessingInitializeOnLoad (5ms)
			EditorAssembliesLoaded (0ms)
		ExecutionOrderSort2 (0ms)
		AwakeInstancesAfterBackupRestoration (5ms)
Launched and connected shader compiler UnityShaderCompiler.exe after 0.02 seconds
Refreshing native plugins compatible for Editor in 1.09 ms, found 4 plugins.
Preloading 0 native plugins for Editor in 0.00 ms.
Unloading 281 Unused Serialized files (Serialized files now loaded: 0)
Unloading 6925 unused Assets / (9.2 MB). Loaded Objects now: 7651.
Memory consumption went from 211.2 MB to 202.1 MB.
Total: 10.371500 ms (FindLiveObjects: 0.723600 ms CreateObjectMapping: 0.314300 ms MarkObjects: 5.294700 ms  DeleteObjects: 4.038100 ms)

========================================================================
Received Import Request.
  Time since last request: 100657.868803 seconds.
  path: Assets/Animations/Assets/Images/All/Common/Img_Ring_1.png
  artifactKey: Guid(83907c17ee765c247af2f868438fe935) Importer(815301076,1909f56bfc062723c751e8b465ee728b)
Start importing Assets/Animations/Assets/Images/All/Common/Img_Ring_1.png using Guid(83907c17ee765c247af2f868438fe935) Importer(815301076,1909f56bfc062723c751e8b465ee728b) (PreviewImporter) -> (artifact id: '77c331904407134d2671fd1817ed6661') in 0.3441395 seconds
Number of updated asset objects reloaded before import = 0Number of asset objects unloaded after import = 3

========================================================================
Received Import Request.
  Time since last request: 1.665734 seconds.
  path: Assets/Animations/Assets/Images/All/Common/Img_Star 1.png
  artifactKey: Guid(2ee9085ca1c6f484988c07aae205c1ba) Importer(815301076,1909f56bfc062723c751e8b465ee728b)
Start importing Assets/Animations/Assets/Images/All/Common/Img_Star 1.png using Guid(2ee9085ca1c6f484988c07aae205c1ba) Importer(815301076,1909f56bfc062723c751e8b465ee728b) (PreviewImporter) -> (artifact id: 'ccd738456733230dbd7aa12b6084f438') in 0.0139984 seconds
Number of updated asset objects reloaded before import = 0Number of asset objects unloaded after import = 3

========================================================================
Received Import Request.
  Time since last request: 3.032995 seconds.
  path: Assets/Animations/Assets/Images/All/Common/Img_Star_2.png
  artifactKey: Guid(2ee9085ca1c6f484988c07aae205c1ba) Importer(815301076,1909f56bfc062723c751e8b465ee728b)
Start importing Assets/Animations/Assets/Images/All/Common/Img_Star_2.png using Guid(2ee9085ca1c6f484988c07aae205c1ba) Importer(815301076,1909f56bfc062723c751e8b465ee728b) (PreviewImporter) -> (artifact id: '02010d21578c2b6edb0c78fcda4fc1d9') in 0.0217563 seconds
Number of updated asset objects reloaded before import = 0Number of asset objects unloaded after import = 3

========================================================================
Received Import Request.
  Time since last request: 50.702195 seconds.
  path: Assets/Animations/Assets/Images/All/Common/Img_Star_2.png
  artifactKey: Guid(2ee9085ca1c6f484988c07aae205c1ba) Importer(815301076,1909f56bfc062723c751e8b465ee728b)
Start importing Assets/Animations/Assets/Images/All/Common/Img_Star_2.png using Guid(2ee9085ca1c6f484988c07aae205c1ba) Importer(815301076,1909f56bfc062723c751e8b465ee728b) (PreviewImporter) -> (artifact id: 'f3241a8abf7288b7a8d5912bd9f84399') in 0.0257779 seconds
Number of updated asset objects reloaded before import = 0Number of asset objects unloaded after import = 3

========================================================================
Received Import Request.
  Time since last request: 11.670114 seconds.
  path: Assets/Animations/Assets/Images/All/Common/Img_Star_2.png
  artifactKey: Guid(2ee9085ca1c6f484988c07aae205c1ba) Importer(815301076,1909f56bfc062723c751e8b465ee728b)
Start importing Assets/Animations/Assets/Images/All/Common/Img_Star_2.png using Guid(2ee9085ca1c6f484988c07aae205c1ba) Importer(815301076,1909f56bfc062723c751e8b465ee728b) (PreviewImporter) -> (artifact id: 'e205ab34c67b9ec4ceeb2670a94b9b26') in 0.0241704 seconds
Number of updated asset objects reloaded before import = 0Number of asset objects unloaded after import = 3

========================================================================
Received Import Request.
  Time since last request: 2505.952775 seconds.
  path: Assets/Animations/Assets/Images/All/Common/Img_Star_2 1.png
  artifactKey: Guid(2bc93921dcdfe364bb69bf8a7f76982e) Importer(815301076,1909f56bfc062723c751e8b465ee728b)
Start importing Assets/Animations/Assets/Images/All/Common/Img_Star_2 1.png using Guid(2bc93921dcdfe364bb69bf8a7f76982e) Importer(815301076,1909f56bfc062723c751e8b465ee728b) (PreviewImporter) -> (artifact id: '1c2e866c7333aae50488caf9190c165f') in 0.0171475 seconds
Number of updated asset objects reloaded before import = 0Number of asset objects unloaded after import = 3

========================================================================
Received Import Request.
  Time since last request: 3.538038 seconds.
  path: Assets/Animations/Assets/Images/All/Common/fx_demo.png
  artifactKey: Guid(2bc93921dcdfe364bb69bf8a7f76982e) Importer(815301076,1909f56bfc062723c751e8b465ee728b)
Start importing Assets/Animations/Assets/Images/All/Common/fx_demo.png using Guid(2bc93921dcdfe364bb69bf8a7f76982e) Importer(815301076,1909f56bfc062723c751e8b465ee728b) (PreviewImporter) -> (artifact id: '6eb743acda1ac4b4c9ab5621f33a4906') in 0.023288 seconds
Number of updated asset objects reloaded before import = 0Number of asset objects unloaded after import = 3

========================================================================
Received Import Request.
  Time since last request: 37.290962 seconds.
  path: Assets/Animations/Assets/Images/All/Common/fx_demo.png
  artifactKey: Guid(2bc93921dcdfe364bb69bf8a7f76982e) Importer(815301076,1909f56bfc062723c751e8b465ee728b)
Start importing Assets/Animations/Assets/Images/All/Common/fx_demo.png using Guid(2bc93921dcdfe364bb69bf8a7f76982e) Importer(815301076,1909f56bfc062723c751e8b465ee728b) (PreviewImporter) -> (artifact id: '843b22c712e9b86e4c22d8c954f8c1c5') in 0.0431954 seconds
Number of updated asset objects reloaded before import = 0Number of asset objects unloaded after import = 3

========================================================================
Received Import Request.
  Time since last request: 981.693135 seconds.
  path: Assets/Animations/Assets/Images/All/Top/Key/Img_ProgressBar_White.png
  artifactKey: Guid(a870a88b39e3ad8428e7a37c7d535403) Importer(815301076,1909f56bfc062723c751e8b465ee728b)
Start importing Assets/Animations/Assets/Images/All/Top/Key/Img_ProgressBar_White.png using Guid(a870a88b39e3ad8428e7a37c7d535403) Importer(815301076,1909f56bfc062723c751e8b465ee728b) (PreviewImporter) -> (artifact id: '551966ee87dfc19494f22d31da93cdfd') in 0.064617 seconds
Number of updated asset objects reloaded before import = 0Number of asset objects unloaded after import = 3

========================================================================
Received Import Request.
  Time since last request: 0.076483 seconds.
  path: Assets/Animations/Assets/Images/All/Top/Img_TopBg.png
  artifactKey: Guid(92599c9f346f8b44d964733de5bfa642) Importer(815301076,1909f56bfc062723c751e8b465ee728b)
Start importing Assets/Animations/Assets/Images/All/Top/Img_TopBg.png using Guid(92599c9f346f8b44d964733de5bfa642) Importer(815301076,1909f56bfc062723c751e8b465ee728b) (PreviewImporter) -> (artifact id: 'e34de91f601a7d719a08f5d512c8aa04') in 0.0162946 seconds
Number of updated asset objects reloaded before import = 0Number of asset objects unloaded after import = 3

========================================================================
Received Import Request.
  Time since last request: 0.000016 seconds.
  path: Assets/Animations/Assets/Archive/Spine/MainIcons/Icon_2/Images/Layer 0.png
  artifactKey: Guid(d34fffa7765ec574bbde14991e1192c4) Importer(815301076,1909f56bfc062723c751e8b465ee728b)
Start importing Assets/Animations/Assets/Archive/Spine/MainIcons/Icon_2/Images/Layer 0.png using Guid(d34fffa7765ec574bbde14991e1192c4) Importer(815301076,1909f56bfc062723c751e8b465ee728b) (PreviewImporter) -> (artifact id: 'a68fc7cf7719b5e43e4db4e4e8f44ffc') in 0.0151801 seconds
Number of updated asset objects reloaded before import = 0Number of asset objects unloaded after import = 3

========================================================================
Received Import Request.
  Time since last request: 0.000014 seconds.
  path: Assets/Animations/Assets/Archive/Spine/MainIcons/Icon_3/Images/Layer 2.png
  artifactKey: Guid(f06042b1fc881ef44a1698d100f3f8f1) Importer(815301076,1909f56bfc062723c751e8b465ee728b)
Start importing Assets/Animations/Assets/Archive/Spine/MainIcons/Icon_3/Images/Layer 2.png using Guid(f06042b1fc881ef44a1698d100f3f8f1) Importer(815301076,1909f56bfc062723c751e8b465ee728b) (PreviewImporter) -> (artifact id: '15d55c3cbe84c1232913edf5342322c0') in 0.0426262 seconds
Number of updated asset objects reloaded before import = 0Number of asset objects unloaded after import = 3

========================================================================
Received Import Request.
  Time since last request: 0.000017 seconds.
  path: Assets/Animations/Assets/Archive/Spine/MonthlyPass/Images/Layer 2.png
  artifactKey: Guid(0a7d6af3be9c8874eb7dac3e820932c7) Importer(815301076,1909f56bfc062723c751e8b465ee728b)
Start importing Assets/Animations/Assets/Archive/Spine/MonthlyPass/Images/Layer 2.png using Guid(0a7d6af3be9c8874eb7dac3e820932c7) Importer(815301076,1909f56bfc062723c751e8b465ee728b) (PreviewImporter) -> (artifact id: 'a093908f5f64f514cf5e027194e997ba') in 0.0179614 seconds
Number of updated asset objects reloaded before import = 0Number of asset objects unloaded after import = 3

========================================================================
Received Import Request.
  Time since last request: 0.000027 seconds.
  path: Assets/Animations/Assets/Archive/Spine/MainIcons/Icon_3/Images/Layer 3.png
  artifactKey: Guid(9b6c712b61aaaf04ca1ec986204996d8) Importer(815301076,1909f56bfc062723c751e8b465ee728b)
Start importing Assets/Animations/Assets/Archive/Spine/MainIcons/Icon_3/Images/Layer 3.png using Guid(9b6c712b61aaaf04ca1ec986204996d8) Importer(815301076,1909f56bfc062723c751e8b465ee728b) (PreviewImporter) -> (artifact id: '1c20a02abbceb755ee3a04a0d64ecac6') in 0.0131454 seconds
Number of updated asset objects reloaded before import = 0Number of asset objects unloaded after import = 3

========================================================================
Received Import Request.
  Time since last request: 0.000012 seconds.
  path: Assets/Animations/Assets/Archive/Spine/MonthlyPass/Images/Layer 3.png
  artifactKey: Guid(b47299d8d40781f43938dc5ab28198ab) Importer(815301076,1909f56bfc062723c751e8b465ee728b)
Start importing Assets/Animations/Assets/Archive/Spine/MonthlyPass/Images/Layer 3.png using Guid(b47299d8d40781f43938dc5ab28198ab) Importer(815301076,1909f56bfc062723c751e8b465ee728b) (PreviewImporter) -> (artifact id: '3860cab64b72da1157ade0718a5d9fc2') in 0.085197 seconds
Number of updated asset objects reloaded before import = 0Number of asset objects unloaded after import = 3

========================================================================
Received Import Request.
  Time since last request: 0.000016 seconds.
  path: Assets/Animations/Assets/Archive/Spine/MainIcons/Icon_3/Images/Layer 4.png
  artifactKey: Guid(f5024145db1d68f47ac617f03a326ed8) Importer(815301076,1909f56bfc062723c751e8b465ee728b)
Start importing Assets/Animations/Assets/Archive/Spine/MainIcons/Icon_3/Images/Layer 4.png using Guid(f5024145db1d68f47ac617f03a326ed8) Importer(815301076,1909f56bfc062723c751e8b465ee728b) (PreviewImporter) -> (artifact id: '78ab7019814fdc9330d137127c55d491') in 0.0140687 seconds
Number of updated asset objects reloaded before import = 0Number of asset objects unloaded after import = 3

========================================================================
Received Import Request.
  Time since last request: 0.013502 seconds.
  path: Assets/Animations/Assets/Archive/Spine/MainIcons/Icon_3/Images/Layer 5.png
  artifactKey: Guid(4c7055218a668934b985be1473ac4207) Importer(815301076,1909f56bfc062723c751e8b465ee728b)
Start importing Assets/Animations/Assets/Archive/Spine/MainIcons/Icon_3/Images/Layer 5.png using Guid(4c7055218a668934b985be1473ac4207) Importer(815301076,1909f56bfc062723c751e8b465ee728b) (PreviewImporter) -> (artifact id: 'b8cf216b8101bad07ade1e79bffc222c') in 0.0243581 seconds
Number of updated asset objects reloaded before import = 0Number of asset objects unloaded after import = 3

========================================================================
Received Import Request.
  Time since last request: 0.000015 seconds.
  path: Assets/Animations/Assets/Archive/Spine/MainIcons/Icon_2/Images/Layer 5.png
  artifactKey: Guid(b436422ef6b777448981bd461015943b) Importer(815301076,1909f56bfc062723c751e8b465ee728b)
Start importing Assets/Animations/Assets/Archive/Spine/MainIcons/Icon_2/Images/Layer 5.png using Guid(b436422ef6b777448981bd461015943b) Importer(815301076,1909f56bfc062723c751e8b465ee728b) (PreviewImporter) -> (artifact id: '18c12b2f1acafae71081a642094dc2b9') in 0.0138221 seconds
Number of updated asset objects reloaded before import = 0Number of asset objects unloaded after import = 3

========================================================================
Received Import Request.
  Time since last request: 0.000015 seconds.
  path: Assets/Animations/Assets/Archive/Spine/MainIcons/Icon_2/Images/Layer 6.png
  artifactKey: Guid(b9e0c6b07e5ea764ca59dd082c2a3c7b) Importer(815301076,1909f56bfc062723c751e8b465ee728b)
Start importing Assets/Animations/Assets/Archive/Spine/MainIcons/Icon_2/Images/Layer 6.png using Guid(b9e0c6b07e5ea764ca59dd082c2a3c7b) Importer(815301076,1909f56bfc062723c751e8b465ee728b) (PreviewImporter) -> (artifact id: '8234e3043ac92ec52f6eb720bc2cbcc6') in 0.0171466 seconds
Number of updated asset objects reloaded before import = 0Number of asset objects unloaded after import = 3

========================================================================
Received Import Request.
  Time since last request: 0.000017 seconds.
  path: Assets/Animations/Assets/Archive/Spine/MainIcons/Icon_3/Images/Layer 8.png
  artifactKey: Guid(d20e3ad67d9614c4d93905dc624e7ad6) Importer(815301076,1909f56bfc062723c751e8b465ee728b)
Start importing Assets/Animations/Assets/Archive/Spine/MainIcons/Icon_3/Images/Layer 8.png using Guid(d20e3ad67d9614c4d93905dc624e7ad6) Importer(815301076,1909f56bfc062723c751e8b465ee728b) (PreviewImporter) -> (artifact id: '36de78705690e92772af1a0d5302bb33') in 0.0180443 seconds
Number of updated asset objects reloaded before import = 0Number of asset objects unloaded after import = 3

========================================================================
Received Import Request.
  Time since last request: 3.243685 seconds.
  path: Assets/Animations/Assets/Images/All/Mid/Bg/Img_Bg_0.png
  artifactKey: Guid(7ce01ff484492054bbca805c2f823123) Importer(815301076,1909f56bfc062723c751e8b465ee728b)
Start importing Assets/Animations/Assets/Images/All/Mid/Bg/Img_Bg_0.png using Guid(7ce01ff484492054bbca805c2f823123) Importer(815301076,1909f56bfc062723c751e8b465ee728b) (PreviewImporter) -> (artifact id: '0515bb207bb78f25a685fb40abf7219b') in 0.0501919 seconds
Number of updated asset objects reloaded before import = 0Number of asset objects unloaded after import = 3

========================================================================
Received Import Request.
  Time since last request: 0.430694 seconds.
  path: Assets/Animations/Assets/Archive/Spine/MonthlyPass/Images/Img4.png
  artifactKey: Guid(2f5a42326be58e84797e4de27c2be780) Importer(815301076,1909f56bfc062723c751e8b465ee728b)
Start importing Assets/Animations/Assets/Archive/Spine/MonthlyPass/Images/Img4.png using Guid(2f5a42326be58e84797e4de27c2be780) Importer(815301076,1909f56bfc062723c751e8b465ee728b) (PreviewImporter) -> (artifact id: '633dcfe704cfac16860034c06666c252') in 0.0138267 seconds
Number of updated asset objects reloaded before import = 0Number of asset objects unloaded after import = 3

========================================================================
Received Import Request.
  Time since last request: 0.000014 seconds.
  path: Assets/Animations/Assets/Archive/Spine/MainIcons/Icon_3/Group 741.png
  artifactKey: Guid(7e958b3320c0d2240a9e1fdd452ef8dd) Importer(815301076,1909f56bfc062723c751e8b465ee728b)
Start importing Assets/Animations/Assets/Archive/Spine/MainIcons/Icon_3/Group 741.png using Guid(7e958b3320c0d2240a9e1fdd452ef8dd) Importer(815301076,1909f56bfc062723c751e8b465ee728b) (PreviewImporter) -> (artifact id: 'f8a99146ca2cc7795bf9903c6485d39a') in 0.1258907 seconds
Number of updated asset objects reloaded before import = 0Number of asset objects unloaded after import = 13

========================================================================
Received Import Request.
  Time since last request: 0.011973 seconds.
  path: Assets/Animations/Assets/Archive/Spine/MainIcons/Icon_3/Icon_3.psd
  artifactKey: Guid(c46c0838086225f4eb12ed5215cb1365) Importer(815301076,1909f56bfc062723c751e8b465ee728b)
Start importing Assets/Animations/Assets/Archive/Spine/MainIcons/Icon_3/Icon_3.psd using Guid(c46c0838086225f4eb12ed5215cb1365) Importer(815301076,1909f56bfc062723c751e8b465ee728b) (PreviewImporter) -> (artifact id: '3136ee6c76da0eeb4342bd950165e337') in 0.0365131 seconds
Number of updated asset objects reloaded before import = 0Number of asset objects unloaded after import = 3

========================================================================
Received Import Request.
  Time since last request: 1.266635 seconds.
  path: Assets/Animations/Assets/Archive/Spine/Goblin/Images/ring.png
  artifactKey: Guid(5748167a456aace4097cd63f3a204a1e) Importer(815301076,1909f56bfc062723c751e8b465ee728b)
Start importing Assets/Animations/Assets/Archive/Spine/Goblin/Images/ring.png using Guid(5748167a456aace4097cd63f3a204a1e) Importer(815301076,1909f56bfc062723c751e8b465ee728b) (PreviewImporter) -> (artifact id: '0510149bc8eaa4477278457ce8b2c96e') in 0.0164974 seconds
Number of updated asset objects reloaded before import = 0Number of asset objects unloaded after import = 3

========================================================================
Received Import Request.
  Time since last request: 703.156895 seconds.
  path: Assets/Animations/Assets/Images/All/Mid/package/Text/Text_1.png
  artifactKey: Guid(32bf4d35eb6ff114484521d044c6a7f5) Importer(815301076,1909f56bfc062723c751e8b465ee728b)
Start importing Assets/Animations/Assets/Images/All/Mid/package/Text/Text_1.png using Guid(32bf4d35eb6ff114484521d044c6a7f5) Importer(815301076,1909f56bfc062723c751e8b465ee728b) (PreviewImporter) -> (artifact id: '6d7d8adc31c3ee6e217459d553ee38ab') in 0.0785174 seconds
Number of updated asset objects reloaded before import = 0Number of asset objects unloaded after import = 3

========================================================================
Received Import Request.
  Time since last request: 0.000019 seconds.
  path: Assets/Animations/Assets/Images/All/Mid/package/Text/Text_4.png
  artifactKey: Guid(334674b7bbebf574e840a94123b44241) Importer(815301076,1909f56bfc062723c751e8b465ee728b)
Start importing Assets/Animations/Assets/Images/All/Mid/package/Text/Text_4.png using Guid(334674b7bbebf574e840a94123b44241) Importer(815301076,1909f56bfc062723c751e8b465ee728b) (PreviewImporter) -> (artifact id: 'b2c7255deca232a1b8689aac87038519') in 0.0261567 seconds
Number of updated asset objects reloaded before import = 0Number of asset objects unloaded after import = 3

========================================================================
Received Import Request.
  Time since last request: 0.000015 seconds.
  path: Assets/Animations/Assets/Images/All/Mid/package/Text/Text_Claim.png
  artifactKey: Guid(9122344e08a00b1438625af92ae9ecdb) Importer(815301076,1909f56bfc062723c751e8b465ee728b)
Start importing Assets/Animations/Assets/Images/All/Mid/package/Text/Text_Claim.png using Guid(9122344e08a00b1438625af92ae9ecdb) Importer(815301076,1909f56bfc062723c751e8b465ee728b) (PreviewImporter) -> (artifact id: '2c6d920aaf8bcf4ed85f42bd61c51490') in 0.0446533 seconds
Number of updated asset objects reloaded before import = 0Number of asset objects unloaded after import = 3

========================================================================
Received Import Request.
  Time since last request: 0.000016 seconds.
  path: Assets/Animations/Assets/Images/All/Top/Title/Text_Demo_DecemberPass.png
  artifactKey: Guid(bae5831232edf4a42815e6ca827bbc12) Importer(815301076,1909f56bfc062723c751e8b465ee728b)
Start importing Assets/Animations/Assets/Images/All/Top/Title/Text_Demo_DecemberPass.png using Guid(bae5831232edf4a42815e6ca827bbc12) Importer(815301076,1909f56bfc062723c751e8b465ee728b) (PreviewImporter) -> (artifact id: '59320712cb97e3548aca76fa1834b51b') in 0.0163895 seconds
Number of updated asset objects reloaded before import = 0Number of asset objects unloaded after import = 3

========================================================================
Received Import Request.
  Time since last request: 0.000020 seconds.
  path: Assets/Animations/Assets/Images/All/Mid/package/CheckBox/Text_Check.png
  artifactKey: Guid(8d4675de584b3384a90178570bc7030d) Importer(815301076,1909f56bfc062723c751e8b465ee728b)
Start importing Assets/Animations/Assets/Images/All/Mid/package/CheckBox/Text_Check.png using Guid(8d4675de584b3384a90178570bc7030d) Importer(815301076,1909f56bfc062723c751e8b465ee728b) (PreviewImporter) -> (artifact id: 'e785f837621d429ec976405a640fd66f') in 0.0359464 seconds
Number of updated asset objects reloaded before import = 0Number of asset objects unloaded after import = 3

========================================================================
Received Import Request.
  Time since last request: 0.000018 seconds.
  path: Assets/Animations/Assets/Images/All/Mid/package/Text/Text_300.png
  artifactKey: Guid(5b493a89b40ab0f419dfac6b31a5d16c) Importer(815301076,1909f56bfc062723c751e8b465ee728b)
Start importing Assets/Animations/Assets/Images/All/Mid/package/Text/Text_300.png using Guid(5b493a89b40ab0f419dfac6b31a5d16c) Importer(815301076,1909f56bfc062723c751e8b465ee728b) (PreviewImporter) -> (artifact id: '99544056aa3deaa966a4b461114a2658') in 0.0181409 seconds
Number of updated asset objects reloaded before import = 0Number of asset objects unloaded after import = 3

========================================================================
Received Import Request.
  Time since last request: 0.000015 seconds.
  path: Assets/Animations/Assets/Images/All/Btn_Active/PassActive/Text_PassActive.png
  artifactKey: Guid(4105f919b50d01240a8bbc6dbcea6b74) Importer(815301076,1909f56bfc062723c751e8b465ee728b)
Start importing Assets/Animations/Assets/Images/All/Btn_Active/PassActive/Text_PassActive.png using Guid(4105f919b50d01240a8bbc6dbcea6b74) Importer(815301076,1909f56bfc062723c751e8b465ee728b) (PreviewImporter) -> (artifact id: 'ac115d75e958d30953f726c7357ed451') in 0.0191335 seconds
Number of updated asset objects reloaded before import = 0Number of asset objects unloaded after import = 3

========================================================================
Received Import Request.
  Time since last request: 2630.954400 seconds.
  path: Assets/Animations/Assets/Archive/Spine/MonthlyPass/Images/Layer 8.png
  artifactKey: Guid(4458a1d92a7a32741a357dd7f01bef3c) Importer(815301076,1909f56bfc062723c751e8b465ee728b)
Start importing Assets/Animations/Assets/Archive/Spine/MonthlyPass/Images/Layer 8.png using Guid(4458a1d92a7a32741a357dd7f01bef3c) Importer(815301076,1909f56bfc062723c751e8b465ee728b) (PreviewImporter) -> (artifact id: 'f6d783a829b6c84230138b70931ae837') in 0.0131759 seconds
Number of updated asset objects reloaded before import = 0Number of asset objects unloaded after import = 3

========================================================================
Received Import Request.
  Time since last request: 0.005310 seconds.
  path: Assets/Animations/Assets/Archive/Spine/MainIcons/Icon_2/Images/Layer 9.png
  artifactKey: Guid(3920a1b321148ea4690550e56bd678ec) Importer(815301076,1909f56bfc062723c751e8b465ee728b)
Start importing Assets/Animations/Assets/Archive/Spine/MainIcons/Icon_2/Images/Layer 9.png using Guid(3920a1b321148ea4690550e56bd678ec) Importer(815301076,1909f56bfc062723c751e8b465ee728b) (PreviewImporter) -> (artifact id: 'eaebc9d2f8bf367780330951eca7b9cf') in 0.0251019 seconds
Number of updated asset objects reloaded before import = 0Number of asset objects unloaded after import = 3

========================================================================
Received Import Request.
  Time since last request: 0.000014 seconds.
  path: Assets/Animations/Assets/Archive/Spine/MonthlyPass/Images/Layer 10.png
  artifactKey: Guid(733ac387d9604a74691ced5d0c64799f) Importer(815301076,1909f56bfc062723c751e8b465ee728b)
Start importing Assets/Animations/Assets/Archive/Spine/MonthlyPass/Images/Layer 10.png using Guid(733ac387d9604a74691ced5d0c64799f) Importer(815301076,1909f56bfc062723c751e8b465ee728b) (PreviewImporter) -> (artifact id: '7f89104de5ee02be3798d581e866cf54') in 0.0633915 seconds
Number of updated asset objects reloaded before import = 0Number of asset objects unloaded after import = 3

========================================================================
Received Import Request.
  Time since last request: 0.000021 seconds.
  path: Assets/Animations/Assets/Archive/Spine/MainIcons/Icon_2/Images/Layer 10.png
  artifactKey: Guid(c6fd8511cb4b1ba4e80ce4c2a1f47dbc) Importer(815301076,1909f56bfc062723c751e8b465ee728b)
Start importing Assets/Animations/Assets/Archive/Spine/MainIcons/Icon_2/Images/Layer 10.png using Guid(c6fd8511cb4b1ba4e80ce4c2a1f47dbc) Importer(815301076,1909f56bfc062723c751e8b465ee728b) (PreviewImporter) -> (artifact id: 'e3c84d30590b57ed6623e07821777e17') in 0.0158323 seconds
Number of updated asset objects reloaded before import = 0Number of asset objects unloaded after import = 3

========================================================================
Received Import Request.
  Time since last request: 0.000023 seconds.
  path: Assets/Packages/ShinyEffectForUGUI-develop/Assets/ShinyEffectForUGUI/Demo/Light_Frame.png
  artifactKey: Guid(077b84be6d052c34d933c79ef500be13) Importer(815301076,1909f56bfc062723c751e8b465ee728b)
Start importing Assets/Packages/ShinyEffectForUGUI-develop/Assets/ShinyEffectForUGUI/Demo/Light_Frame.png using Guid(077b84be6d052c34d933c79ef500be13) Importer(815301076,1909f56bfc062723c751e8b465ee728b) (PreviewImporter) -> (artifact id: '993845c3c3628dcdc9b89d29e050ccdc') in 0.0201629 seconds
Number of updated asset objects reloaded before import = 0Number of asset objects unloaded after import = 3

========================================================================
Received Import Request.
  Time since last request: 0.010326 seconds.
  path: Assets/Samples/UI Effect/5.6.4/Demo/DemoAssets/UIEffect_Demo-Circle.png
  artifactKey: Guid(dee1cb6c2ee294c6087ea9d89d368417) Importer(815301076,1909f56bfc062723c751e8b465ee728b)
Start importing Assets/Samples/UI Effect/5.6.4/Demo/DemoAssets/UIEffect_Demo-Circle.png using Guid(dee1cb6c2ee294c6087ea9d89d368417) Importer(815301076,1909f56bfc062723c751e8b465ee728b) (PreviewImporter) -> (artifact id: 'bde698645b0eae0b724febe34ccfdd8d') in 0.01126 seconds
Number of updated asset objects reloaded before import = 0Number of asset objects unloaded after import = 3

========================================================================
Received Import Request.
  Time since last request: 0.000013 seconds.
  path: Assets/Animations/Assets/Archive/Spine/MainIcons/Start/Images/Vector 504.png
  artifactKey: Guid(3758191ddd5eaba4982dd06aec342a5c) Importer(815301076,1909f56bfc062723c751e8b465ee728b)
Start importing Assets/Animations/Assets/Archive/Spine/MainIcons/Start/Images/Vector 504.png using Guid(3758191ddd5eaba4982dd06aec342a5c) Importer(815301076,1909f56bfc062723c751e8b465ee728b) (PreviewImporter) -> (artifact id: 'ccba8340c2af0d96439b63220a07c84e') in 0.0170569 seconds
Number of updated asset objects reloaded before import = 0Number of asset objects unloaded after import = 3

========================================================================
Received Import Request.
  Time since last request: 0.000016 seconds.
  path: Assets/Animations/Assets/Archive/Spine/MainIcons/Start/Images/Vector 506.png
  artifactKey: Guid(d5e78cd45fbb8bd4192912aefd6b0376) Importer(815301076,1909f56bfc062723c751e8b465ee728b)
Start importing Assets/Animations/Assets/Archive/Spine/MainIcons/Start/Images/Vector 506.png using Guid(d5e78cd45fbb8bd4192912aefd6b0376) Importer(815301076,1909f56bfc062723c751e8b465ee728b) (PreviewImporter) -> (artifact id: '0706f74e0b74b5da5a7eb7b5f47136e9') in 0.015913 seconds
Number of updated asset objects reloaded before import = 0Number of asset objects unloaded after import = 3

========================================================================
Received Import Request.
  Time since last request: 3.267489 seconds.
  path: Assets/Animations/Assets/Archive/Spine/MainIcons/Icon_2/Group 740 (1).png
  artifactKey: Guid(0a6e9977dcdaf1f4ebb79e963f8dd579) Importer(815301076,1909f56bfc062723c751e8b465ee728b)
Start importing Assets/Animations/Assets/Archive/Spine/MainIcons/Icon_2/Group 740 (1).png using Guid(0a6e9977dcdaf1f4ebb79e963f8dd579) Importer(815301076,1909f56bfc062723c751e8b465ee728b) (PreviewImporter) -> (artifact id: '81a2d690a03cc4b95c5dc97c06cbbeaa') in 0.0410783 seconds
Number of updated asset objects reloaded before import = 0Number of asset objects unloaded after import = 14

========================================================================
Received Import Request.
  Time since last request: 4518.347804 seconds.
  path: Assets/Animations/Assets/Images/MainMenu/Untitled/Monthly Pass Icon.png
  artifactKey: Guid(35b5ed57c9504b34fbeba885195efe70) Importer(815301076,1909f56bfc062723c751e8b465ee728b)
Start importing Assets/Animations/Assets/Images/MainMenu/Untitled/Monthly Pass Icon.png using Guid(35b5ed57c9504b34fbeba885195efe70) Importer(815301076,1909f56bfc062723c751e8b465ee728b) (PreviewImporter) -> (artifact id: '9200d1c8746ccd451b81b997de1ec0ca') in 0.1372093 seconds
Number of updated asset objects reloaded before import = 0Number of asset objects unloaded after import = 3

========================================================================
Received Import Request.
  Time since last request: 850.918413 seconds.
  path: Assets/Animations/Assets/Images/MainMenu/Icon/Start/MainIcon_BoogieJourney_Atlas.asset
  artifactKey: Guid(cbf11013feb7dcb48b92c621028f5423) Importer(815301076,1909f56bfc062723c751e8b465ee728b)
Start importing Assets/Animations/Assets/Images/MainMenu/Icon/Start/MainIcon_BoogieJourney_Atlas.asset using Guid(cbf11013feb7dcb48b92c621028f5423) Importer(815301076,1909f56bfc062723c751e8b465ee728b) (PreviewImporter) -> (artifact id: '1308a97992d8d38e06d2871c2b79c1f7') in 0.0480299 seconds
Number of updated asset objects reloaded before import = 0Number of asset objects unloaded after import = 3

========================================================================
Received Import Request.
  Time since last request: 0.000022 seconds.
  path: Assets/Animations/Assets/Images/MainMenu/Icon/Start/MainIcon_MonthlyPassIcon_Atlas.asset
  artifactKey: Guid(2bc0f2ff3778c62498db8e95b91d5fe0) Importer(815301076,1909f56bfc062723c751e8b465ee728b)
Start importing Assets/Animations/Assets/Images/MainMenu/Icon/Start/MainIcon_MonthlyPassIcon_Atlas.asset using Guid(2bc0f2ff3778c62498db8e95b91d5fe0) Importer(815301076,1909f56bfc062723c751e8b465ee728b) (PreviewImporter) -> (artifact id: '161f6ee0b3648626ad5c82e8875ef696') in 0.0274426 seconds
Number of updated asset objects reloaded before import = 0Number of asset objects unloaded after import = 3

========================================================================
Received Import Request.
  Time since last request: 0.000019 seconds.
  path: Assets/Animations/Assets/Images/MainMenu/Icon/Start/MainIcon_BuildZBiz_SkeletonData.asset
  artifactKey: Guid(509685779bf7eb04383266ee85b91f6e) Importer(815301076,1909f56bfc062723c751e8b465ee728b)
Start importing Assets/Animations/Assets/Images/MainMenu/Icon/Start/MainIcon_BuildZBiz_SkeletonData.asset using Guid(509685779bf7eb04383266ee85b91f6e) Importer(815301076,1909f56bfc062723c751e8b465ee728b) (PreviewImporter)`Assets/Animations/Assets/Images/All/Mid/Characters/Spine/Goblin/Img_Char_Goblin.png` and material `Img_Char_Goblin_Material.mat` : Problematic Texture / Material Settings found: It is recommended to disable `Alpha Is Transparency` on `Premultiply alpha` textures.
Assuming `Premultiply alpha` texture because `Straight Alpha Texture` is disabled at material). (You can disable this warning in `Edit - Preferences - Spine`)
UnityEngine.Debug:ExtractStackTraceNoAlloc (byte*,int,string)
UnityEngine.StackTraceUtility:ExtractStackTrace ()
UnityEngine.DebugLogHandler:Internal_Log (UnityEngine.LogType,UnityEngine.LogOption,string,UnityEngine.Object)
UnityEngine.DebugLogHandler:LogFormat (UnityEngine.LogType,UnityEngine.Object,string,object[])
UnityEngine.Logger:Log (UnityEngine.LogType,object,UnityEngine.Object)
UnityEngine.Debug:LogWarning (object,UnityEngine.Object)
Spine.Unity.Editor.SpineEditorUtilities:IssueWarningsForUnrecommendedTextureSettings (string) (at D:/projects/CafeDisco/CafeDisco/Assets/Spine/Editor/spine-unity/Editor/Utility/SpineEditorUtilities.cs:357)
Spine.Unity.Editor.SpineEditorUtilities:IssueWarningsForUnrecommendedTextureSettings () (at D:/projects/CafeDisco/CafeDisco/Assets/Spine/Editor/spine-unity/Editor/Utility/SpineEditorUtilities.cs:258)
Spine.Unity.Editor.SpineEditorUtilities:Initialize () (at D:/projects/CafeDisco/CafeDisco/Assets/Spine/Editor/spine-unity/Editor/Utility/SpineEditorUtilities.cs:237)
Spine.Unity.Editor.SpineEditorUtilities:ConfirmInitialization () (at D:/projects/CafeDisco/CafeDisco/Assets/Spine/Editor/spine-unity/Editor/Utility/SpineEditorUtilities.cs:245)
Spine.Unity.Editor.SkeletonDataAssetInspector:InitializeEditor () (at D:/projects/CafeDisco/CafeDisco/Assets/Spine/Editor/spine-unity/Editor/Asset Types/SkeletonDataAssetInspector.cs:105)
Spine.Unity.Editor.SkeletonDataAssetInspector:OnEnable () (at D:/projects/CafeDisco/CafeDisco/Assets/Spine/Editor/spine-unity/Editor/Asset Types/SkeletonDataAssetInspector.cs:84)
UnityEditor.Editor:CreateEditorWithContextInternal (UnityEngine.Object[],UnityEngine.Object,System.Type)
UnityEditor.Editor:CreateEditorWithContext (UnityEngine.Object[],UnityEngine.Object,System.Type)
UnityEditor.Editor:CreateEditor (UnityEngine.Object,System.Type)
UnityEditor.Editor:CreateEditor (UnityEngine.Object)
UnityEditor.AssetPreviewUpdater:CreatePreview (UnityEngine.Object,UnityEngine.Object[],string,int,int)
UnityEditor.AssetPreviewUpdater:CreatePreviewForAsset (UnityEngine.Object,UnityEngine.Object[],string)

(Filename: D:/projects/CafeDisco/CafeDisco/Assets/Spine/Editor/spine-unity/Editor/Utility/SpineEditorUtilities.cs Line: 357)

`Assets/Animations/Assets/Images/All/Mid/Characters/Spine/Pirate/Img_Char_Pirate.png` and material `Img_Char_Pirate_Material.mat` : Problematic Texture / Material Settings found: It is recommended to disable `Alpha Is Transparency` on `Premultiply alpha` textures.
Assuming `Premultiply alpha` texture because `Straight Alpha Texture` is disabled at material). (You can disable this warning in `Edit - Preferences - Spine`)
UnityEngine.Debug:ExtractStackTraceNoAlloc (byte*,int,string)
UnityEngine.StackTraceUtility:ExtractStackTrace ()
UnityEngine.DebugLogHandler:Internal_Log (UnityEngine.LogType,UnityEngine.LogOption,string,UnityEngine.Object)
UnityEngine.DebugLogHandler:LogFormat (UnityEngine.LogType,UnityEngine.Object,string,object[])
UnityEngine.Logger:Log (UnityEngine.LogType,object,UnityEngine.Object)
UnityEngine.Debug:LogWarning (object,UnityEngine.Object)
Spine.Unity.Editor.SpineEditorUtilities:IssueWarningsForUnrecommendedTextureSettings (string) (at D:/projects/CafeDisco/CafeDisco/Assets/Spine/Editor/spine-unity/Editor/Utility/SpineEditorUtilities.cs:357)
Spine.Unity.Editor.SpineEditorUtilities:IssueWarningsForUnrecommendedTextureSettings () (at D:/projects/CafeDisco/CafeDisco/Assets/Spine/Editor/spine-unity/Editor/Utility/SpineEditorUtilities.cs:258)
Spine.Unity.Editor.SpineEditorUtilities:Initialize () (at D:/projects/CafeDisco/CafeDisco/Assets/Spine/Editor/spine-unity/Editor/Utility/SpineEditorUtilities.cs:237)
Spine.Unity.Editor.SpineEditorUtilities:ConfirmInitialization () (at D:/projects/CafeDisco/CafeDisco/Assets/Spine/Editor/spine-unity/Editor/Utility/SpineEditorUtilities.cs:245)
Spine.Unity.Editor.SkeletonDataAssetInspector:InitializeEditor () (at D:/projects/CafeDisco/CafeDisco/Assets/Spine/Editor/spine-unity/Editor/Asset Types/SkeletonDataAssetInspector.cs:105)
Spine.Unity.Editor.SkeletonDataAssetInspector:OnEnable () (at D:/projects/CafeDisco/CafeDisco/Assets/Spine/Editor/spine-unity/Editor/Asset Types/SkeletonDataAssetInspector.cs:84)
UnityEditor.Editor:CreateEditorWithContextInternal (UnityEngine.Object[],UnityEngine.Object,System.Type)
UnityEditor.Editor:CreateEditorWithContext (UnityEngine.Object[],UnityEngine.Object,System.Type)
UnityEditor.Editor:CreateEditor (UnityEngine.Object,System.Type)
UnityEditor.Editor:CreateEditor (UnityEngine.Object)
UnityEditor.AssetPreviewUpdater:CreatePreview (UnityEngine.Object,UnityEngine.Object[],string,int,int)
UnityEditor.AssetPreviewUpdater:CreatePreviewForAsset (UnityEngine.Object,UnityEngine.Object[],string)

(Filename: D:/projects/CafeDisco/CafeDisco/Assets/Spine/Editor/spine-unity/Editor/Utility/SpineEditorUtilities.cs Line: 357)

Problematic material setup at Spine GameObject (MainIcon_BuildZBiz): 
Warning: Premultiply-alpha atlas textures not supported in Linear color space!You can use a straight alpha texture with 'PMA Vertex Color' by choosing blend mode 'PMA Vertex, Straight Texture'.

If you have a PMA Texture, please
a) re-export atlas as straight alpha texture with 'premultiply alpha' unchecked
   (if you have already done this, please set the 'Straight Alpha Texture' Material parameter to 'true') or
b) switch to Gamma color space via
Project Settings - Player - Other Settings - Color Space.
UnityEngine.Debug:ExtractStackTraceNoAlloc (byte*,int,string)
UnityEngine.StackTraceUtility:ExtractStackTrace ()
UnityEngine.DebugLogHandler:Internal_Log (UnityEngine.LogType,UnityEngine.LogOption,string,UnityEngine.Object)
UnityEngine.DebugLogHandler:LogFormat (UnityEngine.LogType,UnityEngine.Object,string,object[])
UnityEngine.Logger:LogFormat (UnityEngine.LogType,UnityEngine.Object,string,object[])
UnityEngine.Debug:LogWarningFormat (UnityEngine.Object,string,object[])
Spine.Unity.SkeletonRenderer:Initialize (bool,bool) (at D:/projects/CafeDisco/CafeDisco/Assets/Spine/Runtime/spine-unity/Components/SkeletonRenderer.cs:515)
Spine.Unity.SkeletonAnimation:Initialize (bool,bool) (at D:/projects/CafeDisco/CafeDisco/Assets/Spine/Runtime/spine-unity/Components/SkeletonAnimation.cs:189)
Spine.Unity.Editor.EditorInstantiation:InstantiateSkeletonAnimation (Spine.Unity.SkeletonDataAsset,Spine.Skin,bool,bool) (at D:/projects/CafeDisco/CafeDisco/Assets/Spine/Editor/spine-unity/Editor/Utility/AssetUtility.cs:1405)
Spine.Unity.Editor.EditorInstantiation:InstantiateSkeletonAnimation (Spine.Unity.SkeletonDataAsset,string,bool,bool) (at D:/projects/CafeDisco/CafeDisco/Assets/Spine/Editor/spine-unity/Editor/Utility/AssetUtility.cs:1375)
Spine.Unity.Editor.SkeletonInspectorPreview:Initialize (System.Action,Spine.Unity.SkeletonDataAsset,string) (at D:/projects/CafeDisco/CafeDisco/Assets/Spine/Editor/spine-unity/Editor/Asset Types/SkeletonDataAssetInspector.cs:869)
Spine.Unity.Editor.SkeletonDataAssetInspector:InitializeEditor () (at D:/projects/CafeDisco/CafeDisco/Assets/Spine/Editor/spine-unity/Editor/Asset Types/SkeletonDataAssetInspector.cs:150)
Spine.Unity.Editor.SkeletonDataAssetInspector:OnEnable () (at D:/projects/CafeDisco/CafeDisco/Assets/Spine/Editor/spine-unity/Editor/Asset Types/SkeletonDataAssetInspector.cs:84)
UnityEditor.Editor:CreateEditorWithContextInternal (UnityEngine.Object[],UnityEngine.Object,System.Type)
UnityEditor.Editor:CreateEditorWithContext (UnityEngine.Object[],UnityEngine.Object,System.Type)
UnityEditor.Editor:CreateEditor (UnityEngine.Object,System.Type)
UnityEditor.Editor:CreateEditor (UnityEngine.Object)
UnityEditor.AssetPreviewUpdater:CreatePreview (UnityEngine.Object,UnityEngine.Object[],string,int,int)
UnityEditor.AssetPreviewUpdater:CreatePreviewForAsset (UnityEngine.Object,UnityEngine.Object[],string)

(Filename: D:/projects/CafeDisco/CafeDisco/Assets/Spine/Runtime/spine-unity/Components/SkeletonRenderer.cs Line: 515)

 -> (artifact id: 'e478d7cbd0246e49c2dc475fd1387ef3') in 1.1828735 seconds
Number of updated asset objects reloaded before import = 0Number of asset objects unloaded after import = 61

========================================================================
Received Import Request.
  Time since last request: 0.000037 seconds.
  path: Assets/Animations/Assets/Images/MainMenu/Icon/Start/MainIcon_BuildZBiz_Atlas.asset
  artifactKey: Guid(243a7fa30a988784b9527d6d2dec085e) Importer(815301076,1909f56bfc062723c751e8b465ee728b)
Start importing Assets/Animations/Assets/Images/MainMenu/Icon/Start/MainIcon_BuildZBiz_Atlas.asset using Guid(243a7fa30a988784b9527d6d2dec085e) Importer(815301076,1909f56bfc062723c751e8b465ee728b) (PreviewImporter) -> (artifact id: 'f9099fbba028bf1ce6543a8961e452ed') in 0.0014202 seconds
Number of updated asset objects reloaded before import = 0Number of asset objects unloaded after import = 3

========================================================================
Received Import Request.
  Time since last request: 0.000032 seconds.
  path: Assets/Animations/Assets/Images/MainMenu/Icon/Start/MainIcon_MonthlyPassIcon.png
  artifactKey: Guid(229f0a77b4f27f847942a88865423616) Importer(815301076,1909f56bfc062723c751e8b465ee728b)
Start importing Assets/Animations/Assets/Images/MainMenu/Icon/Start/MainIcon_MonthlyPassIcon.png using Guid(229f0a77b4f27f847942a88865423616) Importer(815301076,1909f56bfc062723c751e8b465ee728b) (PreviewImporter) -> (artifact id: 'c4521d9c28bf17b67579a7a259cc7477') in 0.0130518 seconds
Number of updated asset objects reloaded before import = 0Number of asset objects unloaded after import = 2

========================================================================
Received Import Request.
  Time since last request: 1242.428567 seconds.
  path: Assets/Animations/Assets/Images/MainMenu/MainMenu/DiscoBall/Img_DiscoBall_4.png
  artifactKey: Guid(a25581cfb4d703743808ec29c60d8c82) Importer(815301076,1909f56bfc062723c751e8b465ee728b)
Start importing Assets/Animations/Assets/Images/MainMenu/MainMenu/DiscoBall/Img_DiscoBall_4.png using Guid(a25581cfb4d703743808ec29c60d8c82) Importer(815301076,1909f56bfc062723c751e8b465ee728b) (PreviewImporter) -> (artifact id: '10daa0ae6da5500554c145a4081d1252') in 0.0299591 seconds
Number of updated asset objects reloaded before import = 0Number of asset objects unloaded after import = 3

========================================================================
Received Import Request.
  Time since last request: 334.084722 seconds.
  path: Assets/Animations/Assets/Images/MainMenu/MainMenu/DiscoBall/Img_DiscoBall_4.png
  artifactKey: Guid(a25581cfb4d703743808ec29c60d8c82) Importer(815301076,1909f56bfc062723c751e8b465ee728b)
Start importing Assets/Animations/Assets/Images/MainMenu/MainMenu/DiscoBall/Img_DiscoBall_4.png using Guid(a25581cfb4d703743808ec29c60d8c82) Importer(815301076,1909f56bfc062723c751e8b465ee728b) (PreviewImporter) -> (artifact id: '2ec5902484401fdbae24dfa4125718fd') in 0.0302324 seconds
Number of updated asset objects reloaded before import = 0Number of asset objects unloaded after import = 3

========================================================================
Received Import Request.
  Time since last request: 882.842863 seconds.
  path: Assets/Animations/Assets/Images/MainMenu/MainMenu/DiscoBall/Img_DiscoBall_4.png
  artifactKey: Guid(a25581cfb4d703743808ec29c60d8c82) Importer(815301076,1909f56bfc062723c751e8b465ee728b)
Start importing Assets/Animations/Assets/Images/MainMenu/MainMenu/DiscoBall/Img_DiscoBall_4.png using Guid(a25581cfb4d703743808ec29c60d8c82) Importer(815301076,1909f56bfc062723c751e8b465ee728b) (PreviewImporter) -> (artifact id: '61dd8046bb2becf2e872240dbf6c10f6') in 0.0397878 seconds
Number of updated asset objects reloaded before import = 0Number of asset objects unloaded after import = 3

========================================================================
Received Import Request.
  Time since last request: 54.524240 seconds.
  path: Assets/Animations/Assets/Images/MainMenu/MainMenu/DiscoBall/Img_DiscoBall_4.png
  artifactKey: Guid(a25581cfb4d703743808ec29c60d8c82) Importer(815301076,1909f56bfc062723c751e8b465ee728b)
Start importing Assets/Animations/Assets/Images/MainMenu/MainMenu/DiscoBall/Img_DiscoBall_4.png using Guid(a25581cfb4d703743808ec29c60d8c82) Importer(815301076,1909f56bfc062723c751e8b465ee728b) (PreviewImporter) -> (artifact id: '6222dbdfa4861ca7d9667e5cca5b9648') in 0.0289244 seconds
Number of updated asset objects reloaded before import = 0Number of asset objects unloaded after import = 3

========================================================================
Received Prepare
Refreshing native plugins compatible for Editor in 55.57 ms, found 4 plugins.
Preloading 0 native plugins for Editor in 0.00 ms.
Unloading 49 Unused Serialized files (Serialized files now loaded: 0)
Unloading 49 unused Assets / (4.4 MB). Loaded Objects now: 7881.
Memory consumption went from 176.0 MB to 171.6 MB.
Total: 83.627800 ms (FindLiveObjects: 1.280000 ms CreateObjectMapping: 0.171900 ms MarkObjects: 80.246500 ms  DeleteObjects: 1.927900 ms)

Prepare: number of updated asset objects reloaded= 0
========================================================================
Received Prepare
Begin MonoManager ReloadAssembly
- Loaded All Assemblies, in  2.634 seconds
Refreshing native plugins compatible for Editor in 1.19 ms, found 4 plugins.
Native extension for Android target not found
Native extension for WindowsStandalone target not found
[Package Manager] Failed to launch server process. Reason: Unity was launched with the -noUpm command-line argument
[Package Manager] Unable to send message (not connected to server process).
[Package Manager] Cannot connect to Unity Package Manager local server
Assertion failed on expression: '!AssetDatabase::IsAssetImportWorkerProcess()'
UnityEngine.Debug:ExtractStackTraceNoAlloc (byte*,int,string)
UnityEngine.StackTraceUtility:ExtractStackTrace ()
Coffee.UIEffectInternal.CgincPathSync:UpdateTmpCgincPath () (at ./Library/PackageCache/com.coffee.ui-effect@38e4b0a26404/Runtime/Internal/Utilities/CgincPathSync.cs:51)
Coffee.UIEffectInternal.CgincPathSync:RegisterShaders (string,string[]) (at ./Library/PackageCache/com.coffee.ui-effect@38e4b0a26404/Runtime/Internal/Utilities/CgincPathSync.cs:20)
Coffee.UIEffects.UIEffectProjectSettings:InitializeOnLoadMethod () (at ./Library/PackageCache/com.coffee.ui-effect@38e4b0a26404/Runtime/UIEffectProjectSettings.cs:131)
System.Reflection.RuntimeMethodInfo:Invoke (object,System.Reflection.BindingFlags,System.Reflection.Binder,object[],System.Globalization.CultureInfo)
System.Reflection.MethodBase:Invoke (object,object[])
UnityEditor.EditorAssemblies:ProcessInitializeOnLoadMethodAttributes ()

[./Library/PackageCache/com.coffee.ui-effect@38e4b0a26404/Runtime/Internal/Utilities/CgincPathSync.cs line 51]

Asset Pipeline Refresh (id=b30028558e0ac2a4889b09252f84e8b7): Total: 0.000 seconds - Initiated by StopAssetImportingV2(NoUpdateAssetOptions)
Mono: successfully reloaded assembly
- Finished resetting the current domain, in  0.795 seconds
Domain Reload Profiling: 3430ms
	BeginReloadAssembly (518ms)
		ExecutionOrderSort (0ms)
		DisableScriptedObjects (72ms)
		BackupInstance (0ms)
		ReleaseScriptingObjects (1ms)
		CreateAndSetChildDomain (215ms)
	RebuildCommonClasses (117ms)
	RebuildNativeTypeToScriptingClass (11ms)
	initialDomainReloadingComplete (34ms)
	LoadAllAssembliesAndSetupDomain (1954ms)
		LoadAssemblies (1878ms)
		RebuildTransferFunctionScriptingTraits (0ms)
		AnalyzeDomain (223ms)
			TypeCache.Refresh (12ms)
				TypeCache.ScanAssembly (0ms)
			BuildScriptInfoCaches (190ms)
			ResolveRequiredComponents (12ms)
	FinalizeReload (795ms)
		ReleaseScriptCaches (0ms)
		RebuildScriptCaches (0ms)
		SetupLoadedEditorAssemblies (523ms)
			LogAssemblyErrors (0ms)
			InitializePlatformSupportModulesInManaged (12ms)
			SetLoadedEditorAssemblies (3ms)
			BeforeProcessingInitializeOnLoad (117ms)
			ProcessInitializeOnLoadAttributes (313ms)
			ProcessInitializeOnLoadMethodAttributes (71ms)
			AfterProcessingInitializeOnLoad (6ms)
			EditorAssembliesLoaded (0ms)
		ExecutionOrderSort2 (0ms)
		AwakeInstancesAfterBackupRestoration (11ms)
Refreshing native plugins compatible for Editor in 1.41 ms, found 4 plugins.
Preloading 0 native plugins for Editor in 0.00 ms.
Unloading 49 Unused Serialized files (Serialized files now loaded: 0)
Unloading 6924 unused Assets / (9.1 MB). Loaded Objects now: 7782.
Memory consumption went from 180.1 MB to 171.0 MB.
Total: 10.338000 ms (FindLiveObjects: 0.743400 ms CreateObjectMapping: 0.418200 ms MarkObjects: 5.166200 ms  DeleteObjects: 4.009600 ms)

Prepare: number of updated asset objects reloaded= 0
