Using pre-set license
Built from '6000.0/release' branch; Version is '6000.0.43f1 (97272b72f107) revision 9905963'; Using compiler version '193933523'; Build Type 'Release'
OS: 'Windows 10  (10.0.19045) 64bit Professional' Language: 'en' Physical Memory: 32693 MB
BatchMode: 1, IsHumanControllingUs: 0, StartBugReporterOnCrash: 0, Is64bit: 1, IsPro: 1

COMMAND LINE ARGUMENTS:
C:\Program Files\Unity\Hub\Editor\6000.0.43f1\Editor\Unity.exe
-adb2
-batchMode
-noUpm
-name
AssetImportWorker2
-projectPath
E:/project/CafeDisco/CafeDisco
-logFile
Logs/AssetImportWorker2.log
-srvPort
60397
-job-worker-count
5
-background-job-worker-count
8
-gc-helper-count
1
Successfully changed project path to: E:/project/CafeDisco/CafeDisco
E:/project/CafeDisco/CafeDisco
[UnityMemory] Configuration Parameters - Can be set up in boot.config
    "memorysetup-bucket-allocator-granularity=16"
    "memorysetup-bucket-allocator-bucket-count=8"
    "memorysetup-bucket-allocator-block-size=33554432"
    "memorysetup-bucket-allocator-block-count=8"
    "memorysetup-main-allocator-block-size=16777216"
    "memorysetup-thread-allocator-block-size=16777216"
    "memorysetup-gfx-main-allocator-block-size=16777216"
    "memorysetup-gfx-thread-allocator-block-size=16777216"
    "memorysetup-cache-allocator-block-size=4194304"
    "memorysetup-typetree-allocator-block-size=2097152"
    "memorysetup-profiler-bucket-allocator-granularity=16"
    "memorysetup-profiler-bucket-allocator-bucket-count=8"
    "memorysetup-profiler-bucket-allocator-block-size=33554432"
    "memorysetup-profiler-bucket-allocator-block-count=8"
    "memorysetup-profiler-allocator-block-size=16777216"
    "memorysetup-profiler-editor-allocator-block-size=1048576"
    "memorysetup-temp-allocator-size-main=16777216"
    "memorysetup-job-temp-allocator-block-size=2097152"
    "memorysetup-job-temp-allocator-block-size-background=1048576"
    "memorysetup-job-temp-allocator-reduction-small-platforms=262144"
    "memorysetup-allocator-temp-initial-block-size-main=262144"
    "memorysetup-allocator-temp-initial-block-size-worker=262144"
    "memorysetup-temp-allocator-size-background-worker=32768"
    "memorysetup-temp-allocator-size-job-worker=262144"
    "memorysetup-temp-allocator-size-preload-manager=33554432"
    "memorysetup-temp-allocator-size-nav-mesh-worker=65536"
    "memorysetup-temp-allocator-size-audio-worker=65536"
    "memorysetup-temp-allocator-size-cloud-worker=32768"
    "memorysetup-temp-allocator-size-gi-baking-worker=262144"
    "memorysetup-temp-allocator-size-gi-baking-worker=262144"
    "memorysetup-temp-allocator-size-gi-baking-worker=262144"
    "memorysetup-temp-allocator-size-gi-baking-worker=262144"
    "memorysetup-temp-allocator-size-gi-baking-worker=262144"
    "memorysetup-temp-allocator-size-gfx=262144"
Player connection [7920]  Target information:

Player connection [7920]  * "[IP] 192.168.2.113 [Port] 0 [Flags] 2 [Guid] 200425809 [EditorId] 200425809 [Version] 1048832 [Id] WindowsEditor(7,NGOCHA-Computer) [Debug] 1 [PackageName] WindowsEditor [ProjectName] Editor" 

Player connection [7920]  * "[IP] 127.0.2.2 [Port] 0 [Flags] 2 [Guid] 200425809 [EditorId] 200425809 [Version] 1048832 [Id] WindowsEditor(7,NGOCHA-Computer) [Debug] 1 [PackageName] WindowsEditor [ProjectName] Editor" 

Player connection [7920]  * "[IP] 127.0.2.3 [Port] 0 [Flags] 2 [Guid] 200425809 [EditorId] 200425809 [Version] 1048832 [Id] WindowsEditor(7,NGOCHA-Computer) [Debug] 1 [PackageName] WindowsEditor [ProjectName] Editor" 

Player connection [7920]  * "[IP] 172.16.0.2 [Port] 0 [Flags] 2 [Guid] 200425809 [EditorId] 200425809 [Version] 1048832 [Id] WindowsEditor(7,NGOCHA-Computer) [Debug] 1 [PackageName] WindowsEditor [ProjectName] Editor" 

Player connection [7920] Host joined multi-casting on [225.0.0.222:54997]...
Player connection [7920] Host joined alternative multi-casting on [225.0.0.222:34997]...
JobSystem: Creating JobQueue using job-worker-count value 5
Input System module state changed to: Initialized.
[Physics::Module] Initialized fallback backend.
[Physics::Module] Id: 0xdecafbad
Library Redirect Path: Library/
[Physics::Module] Selected backend.
[Physics::Module] Name: PhysX
[Physics::Module] Id: 0xf2b8ea05
[Physics::Module] SDK Version: 4.1.2
[Physics::Module] Integration Version: 1.0.0
[Physics::Module] Threading Mode: Multi-Threaded
Refreshing native plugins compatible for Editor in 1.75 ms, found 4 plugins.
Preloading 0 native plugins for Editor in 0.00 ms.
Initialize engine version: 6000.0.43f1 (97272b72f107)
[Subsystems] Discovering subsystems at path C:/Program Files/Unity/Hub/Editor/6000.0.43f1/Editor/Data/Resources/UnitySubsystems
[Subsystems] Discovering subsystems at path E:/project/CafeDisco/CafeDisco/Assets
GfxDevice: creating device client; kGfxThreadingModeNonThreaded
Direct3D:
    Version:  Direct3D 11.0 [level 11.1]
    Renderer: NVIDIA GeForce RTX 3070 (ID=0x2488)
    Vendor:   NVIDIA
    VRAM:     8018 MB
    Driver:   32.0.15.6094
Initialize mono
Mono path[0] = 'C:/Program Files/Unity/Hub/Editor/6000.0.43f1/Editor/Data/Managed'
Mono path[1] = 'C:/Program Files/Unity/Hub/Editor/6000.0.43f1/Editor/Data/MonoBleedingEdge/lib/mono/unityjit-win32'
Mono config path = 'C:/Program Files/Unity/Hub/Editor/6000.0.43f1/Editor/Data/MonoBleedingEdge/etc'
Using monoOptions --debugger-agent=transport=dt_socket,embedding=1,server=y,suspend=n,address=127.0.0.1:56148
Begin MonoManager ReloadAssembly
Registering precompiled unity dll's ...
Register platform support module: C:/Program Files/Unity/Hub/Editor/6000.0.43f1/Editor/Data/PlaybackEngines/WindowsStandaloneSupport/UnityEditor.WindowsStandalone.Extensions.dll
Register platform support module: C:/Program Files/Unity/Hub/Editor/6000.0.43f1/Editor/Data/PlaybackEngines/AndroidPlayer/UnityEditor.Android.Extensions.dll
Registered in 0.003681 seconds.
- Loaded All Assemblies, in  0.310 seconds
Native extension for Android target not found
Android Extension - Scanning For ADB Devices 191 ms
Native extension for WindowsStandalone target not found
Mono: successfully reloaded assembly
- Finished resetting the current domain, in  0.476 seconds
Domain Reload Profiling: 784ms
	BeginReloadAssembly (106ms)
		ExecutionOrderSort (0ms)
		DisableScriptedObjects (0ms)
		BackupInstance (0ms)
		ReleaseScriptingObjects (0ms)
		CreateAndSetChildDomain (1ms)
	RebuildCommonClasses (29ms)
	RebuildNativeTypeToScriptingClass (9ms)
	initialDomainReloadingComplete (40ms)
	LoadAllAssembliesAndSetupDomain (124ms)
		LoadAssemblies (104ms)
		RebuildTransferFunctionScriptingTraits (0ms)
		AnalyzeDomain (121ms)
			TypeCache.Refresh (120ms)
				TypeCache.ScanAssembly (109ms)
			BuildScriptInfoCaches (0ms)
			ResolveRequiredComponents (0ms)
	FinalizeReload (476ms)
		ReleaseScriptCaches (0ms)
		RebuildScriptCaches (0ms)
		SetupLoadedEditorAssemblies (438ms)
			LogAssemblyErrors (0ms)
			InitializePlatformSupportModulesInManaged (263ms)
			SetLoadedEditorAssemblies (3ms)
			BeforeProcessingInitializeOnLoad (39ms)
			ProcessInitializeOnLoadAttributes (89ms)
			ProcessInitializeOnLoadMethodAttributes (45ms)
			AfterProcessingInitializeOnLoad (0ms)
			EditorAssembliesLoaded (0ms)
		ExecutionOrderSort2 (0ms)
		AwakeInstancesAfterBackupRestoration (0ms)
========================================================================
Worker process is ready to serve import requests
Import Worker Mode flag is 0x00
Begin MonoManager ReloadAssembly
- Loaded All Assemblies, in  0.639 seconds
Refreshing native plugins compatible for Editor in 1.00 ms, found 4 plugins.
Native extension for Android target not found
Native extension for WindowsStandalone target not found
Package Manager log level set to [2]
[Package Manager] Failed to launch server process. Reason: Unity was launched with the -noUpm command-line argument
[Package Manager] Unable to send message (not connected to server process).
[Package Manager] Cannot connect to Unity Package Manager local server
Assertion failed on expression: '!AssetDatabase::IsAssetImportWorkerProcess()'
UnityEngine.Debug:ExtractStackTraceNoAlloc (byte*,int,string)
UnityEngine.StackTraceUtility:ExtractStackTrace ()
Coffee.UIEffectInternal.CgincPathSync:UpdateTmpCgincPath () (at ./Library/PackageCache/com.coffee.ui-effect@38e4b0a26404/Runtime/Internal/Utilities/CgincPathSync.cs:51)
Coffee.UIEffectInternal.CgincPathSync:RegisterShaders (string,string[]) (at ./Library/PackageCache/com.coffee.ui-effect@38e4b0a26404/Runtime/Internal/Utilities/CgincPathSync.cs:20)
Coffee.UIEffects.UIEffectProjectSettings:InitializeOnLoadMethod () (at ./Library/PackageCache/com.coffee.ui-effect@38e4b0a26404/Runtime/UIEffectProjectSettings.cs:131)
System.Reflection.RuntimeMethodInfo:Invoke (object,System.Reflection.BindingFlags,System.Reflection.Binder,object[],System.Globalization.CultureInfo)
System.Reflection.MethodBase:Invoke (object,object[])
UnityEditor.EditorAssemblies:ProcessInitializeOnLoadMethodAttributes ()

[./Library/PackageCache/com.coffee.ui-effect@38e4b0a26404/Runtime/Internal/Utilities/CgincPathSync.cs line 51]

Asset Pipeline Refresh (id=e82b33325da36984e813cf8dceb40f0c): Total: 0.001 seconds - Initiated by StopAssetImportingV2(NoUpdateAssetOptions)
Mono: successfully reloaded assembly
- Finished resetting the current domain, in  0.640 seconds
Domain Reload Profiling: 1276ms
	BeginReloadAssembly (138ms)
		ExecutionOrderSort (0ms)
		DisableScriptedObjects (5ms)
		BackupInstance (0ms)
		ReleaseScriptingObjects (0ms)
		CreateAndSetChildDomain (27ms)
	RebuildCommonClasses (28ms)
	RebuildNativeTypeToScriptingClass (9ms)
	initialDomainReloadingComplete (31ms)
	LoadAllAssembliesAndSetupDomain (429ms)
		LoadAssemblies (282ms)
		RebuildTransferFunctionScriptingTraits (0ms)
		AnalyzeDomain (228ms)
			TypeCache.Refresh (165ms)
				TypeCache.ScanAssembly (150ms)
			BuildScriptInfoCaches (50ms)
			ResolveRequiredComponents (10ms)
	FinalizeReload (640ms)
		ReleaseScriptCaches (0ms)
		RebuildScriptCaches (0ms)
		SetupLoadedEditorAssemblies (519ms)
			LogAssemblyErrors (0ms)
			InitializePlatformSupportModulesInManaged (9ms)
			SetLoadedEditorAssemblies (4ms)
			BeforeProcessingInitializeOnLoad (99ms)
			ProcessInitializeOnLoadAttributes (296ms)
			ProcessInitializeOnLoadMethodAttributes (105ms)
			AfterProcessingInitializeOnLoad (5ms)
			EditorAssembliesLoaded (0ms)
		ExecutionOrderSort2 (0ms)
		AwakeInstancesAfterBackupRestoration (4ms)
Launched and connected shader compiler UnityShaderCompiler.exe after 0.01 seconds
Refreshing native plugins compatible for Editor in 1.02 ms, found 4 plugins.
Preloading 0 native plugins for Editor in 0.00 ms.
Unloading 281 Unused Serialized files (Serialized files now loaded: 0)
Unloading 6925 unused Assets / (9.4 MB). Loaded Objects now: 7649.
Memory consumption went from 209.6 MB to 200.3 MB.
Total: 10.796500 ms (FindLiveObjects: 0.729600 ms CreateObjectMapping: 0.770900 ms MarkObjects: 4.978400 ms  DeleteObjects: 4.316800 ms)

========================================================================
Received Import Request.
  Time since last request: 59637.855001 seconds.
  path: Assets/Animations/Assets/Images/All/Common/Img_Star.png
  artifactKey: Guid(9f69de516d5491741a89b4a34996c5f4) Importer(815301076,1909f56bfc062723c751e8b465ee728b)
Start importing Assets/Animations/Assets/Images/All/Common/Img_Star.png using Guid(9f69de516d5491741a89b4a34996c5f4) Importer(815301076,1909f56bfc062723c751e8b465ee728b) (PreviewImporter) -> (artifact id: '3e68e8719a54b95d56dbced3472107e2') in 0.0966467 seconds
Number of updated asset objects reloaded before import = 0Number of asset objects unloaded after import = 3

========================================================================
Received Import Request.
  Time since last request: 33575.340884 seconds.
  path: Assets/Animations/Assets/Images/MainMenu/MainMenu/DiscoBall
  artifactKey: Guid(7bda6c9d7df161f46af3261e9ae4ce11) Importer(815301076,1909f56bfc062723c751e8b465ee728b)
Start importing Assets/Animations/Assets/Images/MainMenu/MainMenu/DiscoBall using Guid(7bda6c9d7df161f46af3261e9ae4ce11) Importer(815301076,1909f56bfc062723c751e8b465ee728b) (PreviewImporter) -> (artifact id: 'd8a52346c839d78b6adbb8ec38a667f3') in 0.0528141 seconds
Number of updated asset objects reloaded before import = 0Number of asset objects unloaded after import = 0

========================================================================
Received Import Request.
  Time since last request: 153.405397 seconds.
  path: Assets/Animations/Assets/Images/MainMenu/MainMenu/Text_MainEvent 1.png
  artifactKey: Guid(15df423f45e632c4383c3ece77517fd2) Importer(815301076,1909f56bfc062723c751e8b465ee728b)
Start importing Assets/Animations/Assets/Images/MainMenu/MainMenu/Text_MainEvent 1.png using Guid(15df423f45e632c4383c3ece77517fd2) Importer(815301076,1909f56bfc062723c751e8b465ee728b) (PreviewImporter) -> (artifact id: '7603d42061c2e17bd11b9ef6a0785958') in 0.2057473 seconds
Number of updated asset objects reloaded before import = 0Number of asset objects unloaded after import = 3

========================================================================
Received Import Request.
  Time since last request: 11.811111 seconds.
  path: Assets/Animations/Assets/Images/MainMenu/MainMenu/DiscoBall/Img_DiscoBall.png
  artifactKey: Guid(15df423f45e632c4383c3ece77517fd2) Importer(815301076,1909f56bfc062723c751e8b465ee728b)
Start importing Assets/Animations/Assets/Images/MainMenu/MainMenu/DiscoBall/Img_DiscoBall.png using Guid(15df423f45e632c4383c3ece77517fd2) Importer(815301076,1909f56bfc062723c751e8b465ee728b) (PreviewImporter) -> (artifact id: 'ebca526194e9ef2ce4118cff4a291e42') in 0.0141138 seconds
Number of updated asset objects reloaded before import = 0Number of asset objects unloaded after import = 3

