Using pre-set license
Built from '6000.0/release' branch; Version is '6000.0.43f1 (97272b72f107) revision 9905963'; Using compiler version '193933523'; Build Type 'Release'
OS: 'Windows 10  (10.0.19045) 64bit Professional' Language: 'en' Physical Memory: 32693 MB
BatchMode: 1, IsHumanControllingUs: 0, StartBugReporterOnCrash: 0, Is64bit: 1, IsPro: 1

COMMAND LINE ARGUMENTS:
C:\Program Files\Unity\Hub\Editor\6000.0.43f1\Editor\Unity.exe
-adb2
-batchMode
-noUpm
-name
AssetImportWorker4
-projectPath
E:/project/CafeDisco/CafeDisco
-logFile
Logs/AssetImportWorker4.log
-srvPort
54301
-job-worker-count
5
-background-job-worker-count
8
-gc-helper-count
1
Successfully changed project path to: E:/project/CafeDisco/CafeDisco
E:/project/CafeDisco/CafeDisco
[UnityMemory] Configuration Parameters - Can be set up in boot.config
    "memorysetup-bucket-allocator-granularity=16"
    "memorysetup-bucket-allocator-bucket-count=8"
    "memorysetup-bucket-allocator-block-size=33554432"
    "memorysetup-bucket-allocator-block-count=8"
    "memorysetup-main-allocator-block-size=16777216"
    "memorysetup-thread-allocator-block-size=16777216"
    "memorysetup-gfx-main-allocator-block-size=16777216"
    "memorysetup-gfx-thread-allocator-block-size=16777216"
    "memorysetup-cache-allocator-block-size=4194304"
    "memorysetup-typetree-allocator-block-size=2097152"
    "memorysetup-profiler-bucket-allocator-granularity=16"
    "memorysetup-profiler-bucket-allocator-bucket-count=8"
    "memorysetup-profiler-bucket-allocator-block-size=33554432"
    "memorysetup-profiler-bucket-allocator-block-count=8"
    "memorysetup-profiler-allocator-block-size=16777216"
    "memorysetup-profiler-editor-allocator-block-size=1048576"
    "memorysetup-temp-allocator-size-main=16777216"
    "memorysetup-job-temp-allocator-block-size=2097152"
    "memorysetup-job-temp-allocator-block-size-background=1048576"
    "memorysetup-job-temp-allocator-reduction-small-platforms=262144"
    "memorysetup-allocator-temp-initial-block-size-main=262144"
    "memorysetup-allocator-temp-initial-block-size-worker=262144"
    "memorysetup-temp-allocator-size-background-worker=32768"
    "memorysetup-temp-allocator-size-job-worker=262144"
    "memorysetup-temp-allocator-size-preload-manager=33554432"
    "memorysetup-temp-allocator-size-nav-mesh-worker=65536"
    "memorysetup-temp-allocator-size-audio-worker=65536"
    "memorysetup-temp-allocator-size-cloud-worker=32768"
    "memorysetup-temp-allocator-size-gi-baking-worker=262144"
    "memorysetup-temp-allocator-size-gi-baking-worker=262144"
    "memorysetup-temp-allocator-size-gi-baking-worker=262144"
    "memorysetup-temp-allocator-size-gi-baking-worker=262144"
    "memorysetup-temp-allocator-size-gi-baking-worker=262144"
    "memorysetup-temp-allocator-size-gfx=262144"
Player connection [30584]  Target information:

Player connection [30584]  * "[IP] 192.168.2.113 [Port] 0 [Flags] 2 [Guid] 2817737244 [EditorId] 2817737244 [Version] 1048832 [Id] WindowsEditor(7,NGOCHA-Computer) [Debug] 1 [PackageName] WindowsEditor [ProjectName] Editor" 

Player connection [30584]  * "[IP] 127.0.2.2 [Port] 0 [Flags] 2 [Guid] 2817737244 [EditorId] 2817737244 [Version] 1048832 [Id] WindowsEditor(7,NGOCHA-Computer) [Debug] 1 [PackageName] WindowsEditor [ProjectName] Editor" 

Player connection [30584]  * "[IP] 127.0.2.3 [Port] 0 [Flags] 2 [Guid] 2817737244 [EditorId] 2817737244 [Version] 1048832 [Id] WindowsEditor(7,NGOCHA-Computer) [Debug] 1 [PackageName] WindowsEditor [ProjectName] Editor" 

Player connection [30584]  * "[IP] 172.16.0.2 [Port] 0 [Flags] 2 [Guid] 2817737244 [EditorId] 2817737244 [Version] 1048832 [Id] WindowsEditor(7,NGOCHA-Computer) [Debug] 1 [PackageName] WindowsEditor [ProjectName] Editor" 

Player connection [30584] Host joined multi-casting on [225.0.0.222:54997]...
Player connection [30584] Host joined alternative multi-casting on [225.0.0.222:34997]...
JobSystem: Creating JobQueue using job-worker-count value 5
Input System module state changed to: Initialized.
[Physics::Module] Initialized fallback backend.
[Physics::Module] Id: 0xdecafbad
Library Redirect Path: Library/
[Physics::Module] Selected backend.
[Physics::Module] Name: PhysX
[Physics::Module] Id: 0xf2b8ea05
[Physics::Module] SDK Version: 4.1.2
[Physics::Module] Integration Version: 1.0.0
[Physics::Module] Threading Mode: Multi-Threaded
Refreshing native plugins compatible for Editor in 2.04 ms, found 4 plugins.
Preloading 0 native plugins for Editor in 0.00 ms.
Initialize engine version: 6000.0.43f1 (97272b72f107)
[Subsystems] Discovering subsystems at path C:/Program Files/Unity/Hub/Editor/6000.0.43f1/Editor/Data/Resources/UnitySubsystems
[Subsystems] Discovering subsystems at path E:/project/CafeDisco/CafeDisco/Assets
GfxDevice: creating device client; kGfxThreadingModeNonThreaded
Direct3D:
    Version:  Direct3D 11.0 [level 11.1]
    Renderer: NVIDIA GeForce RTX 3070 (ID=0x2488)
    Vendor:   NVIDIA
    VRAM:     8018 MB
    Driver:   32.0.15.6094
Initialize mono
Mono path[0] = 'C:/Program Files/Unity/Hub/Editor/6000.0.43f1/Editor/Data/Managed'
Mono path[1] = 'C:/Program Files/Unity/Hub/Editor/6000.0.43f1/Editor/Data/MonoBleedingEdge/lib/mono/unityjit-win32'
Mono config path = 'C:/Program Files/Unity/Hub/Editor/6000.0.43f1/Editor/Data/MonoBleedingEdge/etc'
Using monoOptions --debugger-agent=transport=dt_socket,embedding=1,server=y,suspend=n,address=127.0.0.1:56600
Begin MonoManager ReloadAssembly
Registering precompiled unity dll's ...
Register platform support module: C:/Program Files/Unity/Hub/Editor/6000.0.43f1/Editor/Data/PlaybackEngines/WindowsStandaloneSupport/UnityEditor.WindowsStandalone.Extensions.dll
Register platform support module: C:/Program Files/Unity/Hub/Editor/6000.0.43f1/Editor/Data/PlaybackEngines/AndroidPlayer/UnityEditor.Android.Extensions.dll
Registered in 0.003562 seconds.
- Loaded All Assemblies, in  0.335 seconds
Native extension for Android target not found
Android Extension - Scanning For ADB Devices 264 ms
Native extension for WindowsStandalone target not found
Mono: successfully reloaded assembly
- Finished resetting the current domain, in  0.574 seconds
Domain Reload Profiling: 906ms
	BeginReloadAssembly (114ms)
		ExecutionOrderSort (0ms)
		DisableScriptedObjects (0ms)
		BackupInstance (0ms)
		ReleaseScriptingObjects (0ms)
		CreateAndSetChildDomain (1ms)
	RebuildCommonClasses (31ms)
	RebuildNativeTypeToScriptingClass (10ms)
	initialDomainReloadingComplete (44ms)
	LoadAllAssembliesAndSetupDomain (133ms)
		LoadAssemblies (111ms)
		RebuildTransferFunctionScriptingTraits (0ms)
		AnalyzeDomain (130ms)
			TypeCache.Refresh (129ms)
				TypeCache.ScanAssembly (117ms)
			BuildScriptInfoCaches (0ms)
			ResolveRequiredComponents (0ms)
	FinalizeReload (574ms)
		ReleaseScriptCaches (0ms)
		RebuildScriptCaches (0ms)
		SetupLoadedEditorAssemblies (533ms)
			LogAssemblyErrors (0ms)
			InitializePlatformSupportModulesInManaged (340ms)
			SetLoadedEditorAssemblies (3ms)
			BeforeProcessingInitializeOnLoad (43ms)
			ProcessInitializeOnLoadAttributes (98ms)
			ProcessInitializeOnLoadMethodAttributes (49ms)
			AfterProcessingInitializeOnLoad (0ms)
			EditorAssembliesLoaded (0ms)
		ExecutionOrderSort2 (0ms)
		AwakeInstancesAfterBackupRestoration (0ms)
========================================================================
Worker process is ready to serve import requests
Import Worker Mode flag is 0x00
Begin MonoManager ReloadAssembly
- Loaded All Assemblies, in  0.743 seconds
Refreshing native plugins compatible for Editor in 1.07 ms, found 4 plugins.
Native extension for Android target not found
Native extension for WindowsStandalone target not found
Package Manager log level set to [2]
[Package Manager] Failed to launch server process. Reason: Unity was launched with the -noUpm command-line argument
[Package Manager] Unable to send message (not connected to server process).
[Package Manager] Cannot connect to Unity Package Manager local server
Assertion failed on expression: '!AssetDatabase::IsAssetImportWorkerProcess()'
UnityEngine.Debug:ExtractStackTraceNoAlloc (byte*,int,string)
UnityEngine.StackTraceUtility:ExtractStackTrace ()
Coffee.UIEffectInternal.CgincPathSync:UpdateTmpCgincPath () (at ./Library/PackageCache/com.coffee.ui-effect@38e4b0a26404/Runtime/Internal/Utilities/CgincPathSync.cs:51)
Coffee.UIEffectInternal.CgincPathSync:RegisterShaders (string,string[]) (at ./Library/PackageCache/com.coffee.ui-effect@38e4b0a26404/Runtime/Internal/Utilities/CgincPathSync.cs:20)
Coffee.UIEffects.UIEffectProjectSettings:InitializeOnLoadMethod () (at ./Library/PackageCache/com.coffee.ui-effect@38e4b0a26404/Runtime/UIEffectProjectSettings.cs:131)
System.Reflection.RuntimeMethodInfo:Invoke (object,System.Reflection.BindingFlags,System.Reflection.Binder,object[],System.Globalization.CultureInfo)
System.Reflection.MethodBase:Invoke (object,object[])
UnityEditor.EditorAssemblies:ProcessInitializeOnLoadMethodAttributes ()

[./Library/PackageCache/com.coffee.ui-effect@38e4b0a26404/Runtime/Internal/Utilities/CgincPathSync.cs line 51]

Asset Pipeline Refresh (id=2510bd1beab2c064ab794d698ece6b6c): Total: 0.001 seconds - Initiated by StopAssetImportingV2(NoUpdateAssetOptions)
Mono: successfully reloaded assembly
- Finished resetting the current domain, in  0.729 seconds
Domain Reload Profiling: 1469ms
	BeginReloadAssembly (162ms)
		ExecutionOrderSort (0ms)
		DisableScriptedObjects (6ms)
		BackupInstance (0ms)
		ReleaseScriptingObjects (0ms)
		CreateAndSetChildDomain (31ms)
	RebuildCommonClasses (34ms)
	RebuildNativeTypeToScriptingClass (11ms)
	initialDomainReloadingComplete (41ms)
	LoadAllAssembliesAndSetupDomain (491ms)
		LoadAssemblies (322ms)
		RebuildTransferFunctionScriptingTraits (0ms)
		AnalyzeDomain (264ms)
			TypeCache.Refresh (192ms)
				TypeCache.ScanAssembly (176ms)
			BuildScriptInfoCaches (57ms)
			ResolveRequiredComponents (11ms)
	FinalizeReload (730ms)
		ReleaseScriptCaches (0ms)
		RebuildScriptCaches (0ms)
		SetupLoadedEditorAssemblies (591ms)
			LogAssemblyErrors (0ms)
			InitializePlatformSupportModulesInManaged (11ms)
			SetLoadedEditorAssemblies (3ms)
			BeforeProcessingInitializeOnLoad (108ms)
			ProcessInitializeOnLoadAttributes (343ms)
			ProcessInitializeOnLoadMethodAttributes (120ms)
			AfterProcessingInitializeOnLoad (6ms)
			EditorAssembliesLoaded (0ms)
		ExecutionOrderSort2 (0ms)
		AwakeInstancesAfterBackupRestoration (5ms)
Launched and connected shader compiler UnityShaderCompiler.exe after 0.01 seconds
Refreshing native plugins compatible for Editor in 1.14 ms, found 4 plugins.
Preloading 0 native plugins for Editor in 0.00 ms.
Unloading 281 Unused Serialized files (Serialized files now loaded: 0)
Unloading 6925 unused Assets / (9.3 MB). Loaded Objects now: 7651.
Memory consumption went from 209.5 MB to 200.2 MB.
Total: 11.127600 ms (FindLiveObjects: 0.712600 ms CreateObjectMapping: 0.813000 ms MarkObjects: 4.945800 ms  DeleteObjects: 4.655500 ms)

========================================================================
Received Import Request.
  Time since last request: 107235.903571 seconds.
  path: Assets/Animations/Assets/Images/All/Common/Img_Rec 1.png
  artifactKey: Guid(82c290369aa9dff40a739582e933d68c) Importer(815301076,1909f56bfc062723c751e8b465ee728b)
Start importing Assets/Animations/Assets/Images/All/Common/Img_Rec 1.png using Guid(82c290369aa9dff40a739582e933d68c) Importer(815301076,1909f56bfc062723c751e8b465ee728b) (PreviewImporter) -> (artifact id: '4ab25e0632c4c09bb356859bf809d738') in 0.0921302 seconds
Number of updated asset objects reloaded before import = 0Number of asset objects unloaded after import = 3

========================================================================
Received Import Request.
  Time since last request: 2.980585 seconds.
  path: Assets/Animations/Assets/Images/All/Common/Img_Rec_Blur.png
  artifactKey: Guid(82c290369aa9dff40a739582e933d68c) Importer(815301076,1909f56bfc062723c751e8b465ee728b)
Start importing Assets/Animations/Assets/Images/All/Common/Img_Rec_Blur.png using Guid(82c290369aa9dff40a739582e933d68c) Importer(815301076,1909f56bfc062723c751e8b465ee728b) (PreviewImporter) -> (artifact id: '3607bea71d2e8b096be0984c34a782e0') in 0.0102002 seconds
Number of updated asset objects reloaded before import = 0Number of asset objects unloaded after import = 3

========================================================================
Received Import Request.
  Time since last request: 62.134084 seconds.
  path: Assets/Animations/Assets/Images/All/Common/Img_Rec_Blur.png
  artifactKey: Guid(82c290369aa9dff40a739582e933d68c) Importer(815301076,1909f56bfc062723c751e8b465ee728b)
Start importing Assets/Animations/Assets/Images/All/Common/Img_Rec_Blur.png using Guid(82c290369aa9dff40a739582e933d68c) Importer(815301076,1909f56bfc062723c751e8b465ee728b) (PreviewImporter) -> (artifact id: 'c9e8d79ca80a9be9fcc70720c26fb54d') in 0.0184214 seconds
Number of updated asset objects reloaded before import = 0Number of asset objects unloaded after import = 3

========================================================================
Received Import Request.
  Time since last request: 14.412035 seconds.
  path: Assets/Animations/Assets/Images/All/Common/Img_Rec_Blur.png
  artifactKey: Guid(82c290369aa9dff40a739582e933d68c) Importer(815301076,1909f56bfc062723c751e8b465ee728b)
Start importing Assets/Animations/Assets/Images/All/Common/Img_Rec_Blur.png using Guid(82c290369aa9dff40a739582e933d68c) Importer(815301076,1909f56bfc062723c751e8b465ee728b) (PreviewImporter) -> (artifact id: 'a6c9fd14f036ba18dc0fcd88dcfc50c8') in 0.0207383 seconds
Number of updated asset objects reloaded before import = 0Number of asset objects unloaded after import = 3

========================================================================
Received Import Request.
  Time since last request: 280.091117 seconds.
  path: Assets/Animations/Assets/Archive/Spine/MainIcons/Icon_2/Images/Layer 8.png
  artifactKey: Guid(1b3dd827660c2b441a11c39ee08fa6fd) Importer(815301076,1909f56bfc062723c751e8b465ee728b)
Start importing Assets/Animations/Assets/Archive/Spine/MainIcons/Icon_2/Images/Layer 8.png using Guid(1b3dd827660c2b441a11c39ee08fa6fd) Importer(815301076,1909f56bfc062723c751e8b465ee728b) (PreviewImporter) -> (artifact id: '1a3c0b14b88e84d4dbadf35aa580c5d8') in 0.0151597 seconds
Number of updated asset objects reloaded before import = 0Number of asset objects unloaded after import = 3

========================================================================
Received Import Request.
  Time since last request: 0.000016 seconds.
  path: Assets/Animations/Assets/Archive/Spine/MonthlyPass/Images/Layer 9.png
  artifactKey: Guid(1a6b9b0e6a139cf4484d5d3269a1e609) Importer(815301076,1909f56bfc062723c751e8b465ee728b)
Start importing Assets/Animations/Assets/Archive/Spine/MonthlyPass/Images/Layer 9.png using Guid(1a6b9b0e6a139cf4484d5d3269a1e609) Importer(815301076,1909f56bfc062723c751e8b465ee728b) (PreviewImporter) -> (artifact id: '6dc8f49f8a1b82be14e6f62829a7e874') in 0.0192925 seconds
Number of updated asset objects reloaded before import = 0Number of asset objects unloaded after import = 3

========================================================================
Received Import Request.
  Time since last request: 0.000013 seconds.
  path: Assets/Animations/Assets/Archive/Spine/MainIcons/Icon_3/Images/Layer 10.png
  artifactKey: Guid(0087b97d352c58349bb52b36e4a21da3) Importer(815301076,1909f56bfc062723c751e8b465ee728b)
Start importing Assets/Animations/Assets/Archive/Spine/MainIcons/Icon_3/Images/Layer 10.png using Guid(0087b97d352c58349bb52b36e4a21da3) Importer(815301076,1909f56bfc062723c751e8b465ee728b) (PreviewImporter) -> (artifact id: 'f6060df7f83b27e78732b95f9de8af82') in 0.0138827 seconds
Number of updated asset objects reloaded before import = 0Number of asset objects unloaded after import = 4

========================================================================
Received Import Request.
  Time since last request: 0.000017 seconds.
  path: Assets/Animations/Assets/Archive/Spine/MainIcons/Icon_3/Images/Layer 11.png
  artifactKey: Guid(beb43806513c54d4a959052b739371d6) Importer(815301076,1909f56bfc062723c751e8b465ee728b)
Start importing Assets/Animations/Assets/Archive/Spine/MainIcons/Icon_3/Images/Layer 11.png using Guid(beb43806513c54d4a959052b739371d6) Importer(815301076,1909f56bfc062723c751e8b465ee728b) (PreviewImporter) -> (artifact id: 'be32e6165e4f352aa21b25a95c01c76a') in 0.0157066 seconds
Number of updated asset objects reloaded before import = 0Number of asset objects unloaded after import = 4

========================================================================
Received Import Request.
  Time since last request: 0.000026 seconds.
  path: Assets/Animations/Assets/Archive/Spine/MainIcons/Icon_2/Images/Layer 11.png
  artifactKey: Guid(d034eaf2398247442ba9d01d83b256a8) Importer(815301076,1909f56bfc062723c751e8b465ee728b)
Start importing Assets/Animations/Assets/Archive/Spine/MainIcons/Icon_2/Images/Layer 11.png using Guid(d034eaf2398247442ba9d01d83b256a8) Importer(815301076,1909f56bfc062723c751e8b465ee728b) (PreviewImporter) -> (artifact id: '794e40d2aebcffda5c8b35387176e287') in 0.0158456 seconds
Number of updated asset objects reloaded before import = 0Number of asset objects unloaded after import = 3

========================================================================
Received Import Request.
  Time since last request: 0.000014 seconds.
  path: Assets/Animations/Assets/Archive/Spine/MainIcons/Icon_2/Images/Layer 13.png
  artifactKey: Guid(552dc0ebb2ae6ef4b9c116bd2815fd20) Importer(815301076,1909f56bfc062723c751e8b465ee728b)
Start importing Assets/Animations/Assets/Archive/Spine/MainIcons/Icon_2/Images/Layer 13.png using Guid(552dc0ebb2ae6ef4b9c116bd2815fd20) Importer(815301076,1909f56bfc062723c751e8b465ee728b) (PreviewImporter) -> (artifact id: 'e442f177a9761d0dd5e4fa218f398ce6') in 0.0135875 seconds
Number of updated asset objects reloaded before import = 0Number of asset objects unloaded after import = 3

========================================================================
Received Import Request.
  Time since last request: 0.000015 seconds.
  path: Assets/Animations/Assets/Archive/Spine/MonthlyPass/Images/Layer 13.png
  artifactKey: Guid(7690397b889778344884462e46ef9b66) Importer(815301076,1909f56bfc062723c751e8b465ee728b)
Start importing Assets/Animations/Assets/Archive/Spine/MonthlyPass/Images/Layer 13.png using Guid(7690397b889778344884462e46ef9b66) Importer(815301076,1909f56bfc062723c751e8b465ee728b) (PreviewImporter) -> (artifact id: '185ddc8c6da1a1bf030f8d37ba0ef5d1') in 0.0154413 seconds
Number of updated asset objects reloaded before import = 0Number of asset objects unloaded after import = 3

========================================================================
Received Import Request.
  Time since last request: 0.000013 seconds.
  path: Assets/Samples/UI Effect/5.6.4/Demo/Textures/UIEffect_Showcase_Art.png
  artifactKey: Guid(03b5a015427324a419a5ddbd5d5a6551) Importer(815301076,1909f56bfc062723c751e8b465ee728b)
Start importing Assets/Samples/UI Effect/5.6.4/Demo/Textures/UIEffect_Showcase_Art.png using Guid(03b5a015427324a419a5ddbd5d5a6551) Importer(815301076,1909f56bfc062723c751e8b465ee728b) (PreviewImporter) -> (artifact id: '4c5867837420a7dc5f0dedea8ebd57a5') in 0.1578623 seconds
Number of updated asset objects reloaded before import = 0Number of asset objects unloaded after import = 17

========================================================================
Received Import Request.
  Time since last request: 3.137041 seconds.
  path: Assets/Animations/Assets/Archive/Spine/MainIcons/Start/Images/Group 736.png
  artifactKey: Guid(5caeb870995b03747a062416023b8480) Importer(815301076,1909f56bfc062723c751e8b465ee728b)
Start importing Assets/Animations/Assets/Archive/Spine/MainIcons/Start/Images/Group 736.png using Guid(5caeb870995b03747a062416023b8480) Importer(815301076,1909f56bfc062723c751e8b465ee728b) (PreviewImporter) -> (artifact id: '66267fb9aa993b588d70f2637c958b08') in 0.0146972 seconds
Number of updated asset objects reloaded before import = 0Number of asset objects unloaded after import = 3

========================================================================
Received Import Request.
  Time since last request: 0.004598 seconds.
  path: Assets/Animations/Assets/Archive/Spine/MainIcons/Icon_2/Group 740.psd
  artifactKey: Guid(1014d13efdaa0e5489b6297b24c51bb1) Importer(815301076,1909f56bfc062723c751e8b465ee728b)
Start importing Assets/Animations/Assets/Archive/Spine/MainIcons/Icon_2/Group 740.psd using Guid(1014d13efdaa0e5489b6297b24c51bb1) Importer(815301076,1909f56bfc062723c751e8b465ee728b) (PreviewImporter) -> (artifact id: '01d985c726b474dcd0a5f8448343e6b0') in 0.0183448 seconds
Number of updated asset objects reloaded before import = 0Number of asset objects unloaded after import = 3

========================================================================
Received Import Request.
  Time since last request: 10.534128 seconds.
  path: Assets/Animations/Assets/Images/All/Common/Img_Ring_1 1.png
  artifactKey: Guid(d3ec55297a86cef4abb3e00ba3fd28e7) Importer(815301076,1909f56bfc062723c751e8b465ee728b)
Start importing Assets/Animations/Assets/Images/All/Common/Img_Ring_1 1.png using Guid(d3ec55297a86cef4abb3e00ba3fd28e7) Importer(815301076,1909f56bfc062723c751e8b465ee728b) (PreviewImporter) -> (artifact id: '3d515ffdcac9357ac68e6a8f65213856') in 0.0199493 seconds
Number of updated asset objects reloaded before import = 0Number of asset objects unloaded after import = 3

========================================================================
Received Import Request.
  Time since last request: 5.849489 seconds.
  path: Assets/Animations/Assets/Images/All/Common/Img_Ring_4.png
  artifactKey: Guid(d3ec55297a86cef4abb3e00ba3fd28e7) Importer(815301076,1909f56bfc062723c751e8b465ee728b)
Start importing Assets/Animations/Assets/Images/All/Common/Img_Ring_4.png using Guid(d3ec55297a86cef4abb3e00ba3fd28e7) Importer(815301076,1909f56bfc062723c751e8b465ee728b) (PreviewImporter) -> (artifact id: 'de682dd998c0f50e654e532805b60349') in 0.0257347 seconds
Number of updated asset objects reloaded before import = 0Number of asset objects unloaded after import = 3

========================================================================
Received Import Request.
  Time since last request: 893.921002 seconds.
  path: Assets/Animations/Assets/Images/All/Common/Img_Ring_4.png
  artifactKey: Guid(d3ec55297a86cef4abb3e00ba3fd28e7) Importer(815301076,1909f56bfc062723c751e8b465ee728b)
Start importing Assets/Animations/Assets/Images/All/Common/Img_Ring_4.png using Guid(d3ec55297a86cef4abb3e00ba3fd28e7) Importer(815301076,1909f56bfc062723c751e8b465ee728b) (PreviewImporter) -> (artifact id: '96534810b29f3812a62f9dbef2fe12c4') in 0.0162166 seconds
Number of updated asset objects reloaded before import = 0Number of asset objects unloaded after import = 3

========================================================================
Received Import Request.
  Time since last request: 1319.577816 seconds.
  path: Assets/Animations/Assets/Images/All/Common/Img_Ring_4.png
  artifactKey: Guid(d3ec55297a86cef4abb3e00ba3fd28e7) Importer(815301076,1909f56bfc062723c751e8b465ee728b)
Start importing Assets/Animations/Assets/Images/All/Common/Img_Ring_4.png using Guid(d3ec55297a86cef4abb3e00ba3fd28e7) Importer(815301076,1909f56bfc062723c751e8b465ee728b) (PreviewImporter) -> (artifact id: 'b1a3153d3d2aeed059d6be60f43a5d37') in 0.0318696 seconds
Number of updated asset objects reloaded before import = 0Number of asset objects unloaded after import = 3

========================================================================
Received Import Request.
  Time since last request: 1783.700397 seconds.
  path: Assets/Animations/Assets/Images/All/Common/Img_Ring_5.png
  artifactKey: Guid(d57a6ed50474f7346a8438750367d52d) Importer(815301076,1909f56bfc062723c751e8b465ee728b)
Start importing Assets/Animations/Assets/Images/All/Common/Img_Ring_5.png using Guid(d57a6ed50474f7346a8438750367d52d) Importer(815301076,1909f56bfc062723c751e8b465ee728b) (PreviewImporter) -> (artifact id: '420fa44d6ac495f24242e20a61122cb9') in 0.019967 seconds
Number of updated asset objects reloaded before import = 0Number of asset objects unloaded after import = 3

========================================================================
Received Import Request.
  Time since last request: 504.444275 seconds.
  path: Assets/Animations/Assets/Archive/Archive/Mock_MonthlyPass.png
  artifactKey: Guid(f4be26063b4f2ce41b4d5a860cc9c1ef) Importer(815301076,1909f56bfc062723c751e8b465ee728b)
Start importing Assets/Animations/Assets/Archive/Archive/Mock_MonthlyPass.png using Guid(f4be26063b4f2ce41b4d5a860cc9c1ef) Importer(815301076,1909f56bfc062723c751e8b465ee728b) (PreviewImporter) -> (artifact id: 'a4b084113939f7839dc2143531138ad9') in 0.0389534 seconds
Number of updated asset objects reloaded before import = 0Number of asset objects unloaded after import = 3

========================================================================
Received Import Request.
  Time since last request: 0.000016 seconds.
  path: Assets/Animations/Assets/Images/MainMenu/Untitled/Monthly Pass.png
  artifactKey: Guid(eca2ff94dbbb715479e80ae619c8fa78) Importer(815301076,1909f56bfc062723c751e8b465ee728b)
Start importing Assets/Animations/Assets/Images/MainMenu/Untitled/Monthly Pass.png using Guid(eca2ff94dbbb715479e80ae619c8fa78) Importer(815301076,1909f56bfc062723c751e8b465ee728b) (PreviewImporter) -> (artifact id: '266576cfc22e85656d3c576a90eb3fff') in 0.0154287 seconds
Number of updated asset objects reloaded before import = 0Number of asset objects unloaded after import = 3

========================================================================
Received Import Request.
  Time since last request: 0.004805 seconds.
  path: Assets/Animations/Assets/Images/MainMenu/MonthlyPassIcon.psd
  artifactKey: Guid(5cb00507aebad684ea50d815c160d6c2) Importer(815301076,1909f56bfc062723c751e8b465ee728b)
Start importing Assets/Animations/Assets/Images/MainMenu/MonthlyPassIcon.psd using Guid(5cb00507aebad684ea50d815c160d6c2) Importer(815301076,1909f56bfc062723c751e8b465ee728b) (PreviewImporter) -> (artifact id: '0af612880c6f1f89790e469043c0eb1e') in 0.0264658 seconds
Number of updated asset objects reloaded before import = 0Number of asset objects unloaded after import = 4

========================================================================
Received Import Request.
  Time since last request: 850.936674 seconds.
  path: Assets/Animations/Assets/Images/MainMenu/Icon/Start/MainIcon_BoogieJourney.png
  artifactKey: Guid(022d4d76f04b34a41b1aa22a0109c1a0) Importer(815301076,1909f56bfc062723c751e8b465ee728b)
Start importing Assets/Animations/Assets/Images/MainMenu/Icon/Start/MainIcon_BoogieJourney.png using Guid(022d4d76f04b34a41b1aa22a0109c1a0) Importer(815301076,1909f56bfc062723c751e8b465ee728b) (PreviewImporter) -> (artifact id: '3f9d96736cc445f14c356b1f54ca138b') in 0.0462775 seconds
Number of updated asset objects reloaded before import = 0Number of asset objects unloaded after import = 2

========================================================================
Received Import Request.
  Time since last request: 0.000019 seconds.
  path: Assets/Animations/Assets/Images/MainMenu/Icon/Start/MainIcon_BuildZBiz_Material.mat
  artifactKey: Guid(af5268ab7e8ebd441a054ece7d180759) Importer(815301076,1909f56bfc062723c751e8b465ee728b)
Start importing Assets/Animations/Assets/Images/MainMenu/Icon/Start/MainIcon_BuildZBiz_Material.mat using Guid(af5268ab7e8ebd441a054ece7d180759) Importer(815301076,1909f56bfc062723c751e8b465ee728b) (PreviewImporter) -> (artifact id: 'cae30962c6f1f39625992f78f90dc0fd') in 0.685127 seconds
Number of updated asset objects reloaded before import = 0Number of asset objects unloaded after import = 3

========================================================================
Received Import Request.
  Time since last request: 0.000033 seconds.
  path: Assets/Animations/Assets/Images/MainMenu/Icon/Start/MainIcon_Path2Prosperity_Atlas.asset
  artifactKey: Guid(c329446eaf33c1d4c9cb87d0b4671063) Importer(815301076,1909f56bfc062723c751e8b465ee728b)
Start importing Assets/Animations/Assets/Images/MainMenu/Icon/Start/MainIcon_Path2Prosperity_Atlas.asset using Guid(c329446eaf33c1d4c9cb87d0b4671063) Importer(815301076,1909f56bfc062723c751e8b465ee728b) (PreviewImporter) -> (artifact id: 'cb6b728466480e7dc5351c2301e1d922') in 0.0169578 seconds
Number of updated asset objects reloaded before import = 0Number of asset objects unloaded after import = 3

========================================================================
Received Import Request.
  Time since last request: 0.000078 seconds.
  path: Assets/Animations/Assets/Images/MainMenu/Icon/Start/MainIcon_BuildZBiz.png
  artifactKey: Guid(a6682a9b367383541b44d7c2470e088c) Importer(815301076,1909f56bfc062723c751e8b465ee728b)
Start importing Assets/Animations/Assets/Images/MainMenu/Icon/Start/MainIcon_BuildZBiz.png using Guid(a6682a9b367383541b44d7c2470e088c) Importer(815301076,1909f56bfc062723c751e8b465ee728b) (PreviewImporter) -> (artifact id: '44e276843df50f4a5419e72d59bd74da') in 0.0267204 seconds
Number of updated asset objects reloaded before import = 0Number of asset objects unloaded after import = 2

========================================================================
Received Import Request.
  Time since last request: 0.000023 seconds.
  path: Assets/Animations/Assets/Images/MainMenu/Icon/Start/MainIcon_BoogieJourney_Material.mat
  artifactKey: Guid(46f06e6e3008fd04b8eedbf3db8f07b4) Importer(815301076,1909f56bfc062723c751e8b465ee728b)
Start importing Assets/Animations/Assets/Images/MainMenu/Icon/Start/MainIcon_BoogieJourney_Material.mat using Guid(46f06e6e3008fd04b8eedbf3db8f07b4) Importer(815301076,1909f56bfc062723c751e8b465ee728b) (PreviewImporter) -> (artifact id: '8dc86eae0d092cd25bdc079c4ee8f670') in 0.0155142 seconds
Number of updated asset objects reloaded before import = 0Number of asset objects unloaded after import = 2

========================================================================
Received Import Request.
  Time since last request: 0.000025 seconds.
  path: Assets/Animations/Assets/Images/MainMenu/Icon/Start/MainIcon_MonthlyPassIcon_SkeletonData.asset
  artifactKey: Guid(0d661b3a610f52349b9c7812bfddf3b0) Importer(815301076,1909f56bfc062723c751e8b465ee728b)
Start importing Assets/Animations/Assets/Images/MainMenu/Icon/Start/MainIcon_MonthlyPassIcon_SkeletonData.asset using Guid(0d661b3a610f52349b9c7812bfddf3b0) Importer(815301076,1909f56bfc062723c751e8b465ee728b) (PreviewImporter)`Assets/Animations/Assets/Images/All/Mid/Characters/Spine/Goblin/Img_Char_Goblin.png` and material `Img_Char_Goblin_Material.mat` : Problematic Texture / Material Settings found: It is recommended to disable `Alpha Is Transparency` on `Premultiply alpha` textures.
Assuming `Premultiply alpha` texture because `Straight Alpha Texture` is disabled at material). (You can disable this warning in `Edit - Preferences - Spine`)
UnityEngine.Debug:ExtractStackTraceNoAlloc (byte*,int,string)
UnityEngine.StackTraceUtility:ExtractStackTrace ()
UnityEngine.DebugLogHandler:Internal_Log (UnityEngine.LogType,UnityEngine.LogOption,string,UnityEngine.Object)
UnityEngine.DebugLogHandler:LogFormat (UnityEngine.LogType,UnityEngine.Object,string,object[])
UnityEngine.Logger:Log (UnityEngine.LogType,object,UnityEngine.Object)
UnityEngine.Debug:LogWarning (object,UnityEngine.Object)
Spine.Unity.Editor.SpineEditorUtilities:IssueWarningsForUnrecommendedTextureSettings (string) (at D:/projects/CafeDisco/CafeDisco/Assets/Spine/Editor/spine-unity/Editor/Utility/SpineEditorUtilities.cs:357)
Spine.Unity.Editor.SpineEditorUtilities:IssueWarningsForUnrecommendedTextureSettings () (at D:/projects/CafeDisco/CafeDisco/Assets/Spine/Editor/spine-unity/Editor/Utility/SpineEditorUtilities.cs:258)
Spine.Unity.Editor.SpineEditorUtilities:Initialize () (at D:/projects/CafeDisco/CafeDisco/Assets/Spine/Editor/spine-unity/Editor/Utility/SpineEditorUtilities.cs:237)
Spine.Unity.Editor.SpineEditorUtilities:ConfirmInitialization () (at D:/projects/CafeDisco/CafeDisco/Assets/Spine/Editor/spine-unity/Editor/Utility/SpineEditorUtilities.cs:245)
Spine.Unity.Editor.SkeletonDataAssetInspector:InitializeEditor () (at D:/projects/CafeDisco/CafeDisco/Assets/Spine/Editor/spine-unity/Editor/Asset Types/SkeletonDataAssetInspector.cs:105)
Spine.Unity.Editor.SkeletonDataAssetInspector:OnEnable () (at D:/projects/CafeDisco/CafeDisco/Assets/Spine/Editor/spine-unity/Editor/Asset Types/SkeletonDataAssetInspector.cs:84)
UnityEditor.Editor:CreateEditorWithContextInternal (UnityEngine.Object[],UnityEngine.Object,System.Type)
UnityEditor.Editor:CreateEditorWithContext (UnityEngine.Object[],UnityEngine.Object,System.Type)
UnityEditor.Editor:CreateEditor (UnityEngine.Object,System.Type)
UnityEditor.Editor:CreateEditor (UnityEngine.Object)
UnityEditor.AssetPreviewUpdater:CreatePreview (UnityEngine.Object,UnityEngine.Object[],string,int,int)
UnityEditor.AssetPreviewUpdater:CreatePreviewForAsset (UnityEngine.Object,UnityEngine.Object[],string)

(Filename: D:/projects/CafeDisco/CafeDisco/Assets/Spine/Editor/spine-unity/Editor/Utility/SpineEditorUtilities.cs Line: 357)

`Assets/Animations/Assets/Images/All/Mid/Characters/Spine/Pirate/Img_Char_Pirate.png` and material `Img_Char_Pirate_Material.mat` : Problematic Texture / Material Settings found: It is recommended to disable `Alpha Is Transparency` on `Premultiply alpha` textures.
Assuming `Premultiply alpha` texture because `Straight Alpha Texture` is disabled at material). (You can disable this warning in `Edit - Preferences - Spine`)
UnityEngine.Debug:ExtractStackTraceNoAlloc (byte*,int,string)
UnityEngine.StackTraceUtility:ExtractStackTrace ()
UnityEngine.DebugLogHandler:Internal_Log (UnityEngine.LogType,UnityEngine.LogOption,string,UnityEngine.Object)
UnityEngine.DebugLogHandler:LogFormat (UnityEngine.LogType,UnityEngine.Object,string,object[])
UnityEngine.Logger:Log (UnityEngine.LogType,object,UnityEngine.Object)
UnityEngine.Debug:LogWarning (object,UnityEngine.Object)
Spine.Unity.Editor.SpineEditorUtilities:IssueWarningsForUnrecommendedTextureSettings (string) (at D:/projects/CafeDisco/CafeDisco/Assets/Spine/Editor/spine-unity/Editor/Utility/SpineEditorUtilities.cs:357)
Spine.Unity.Editor.SpineEditorUtilities:IssueWarningsForUnrecommendedTextureSettings () (at D:/projects/CafeDisco/CafeDisco/Assets/Spine/Editor/spine-unity/Editor/Utility/SpineEditorUtilities.cs:258)
Spine.Unity.Editor.SpineEditorUtilities:Initialize () (at D:/projects/CafeDisco/CafeDisco/Assets/Spine/Editor/spine-unity/Editor/Utility/SpineEditorUtilities.cs:237)
Spine.Unity.Editor.SpineEditorUtilities:ConfirmInitialization () (at D:/projects/CafeDisco/CafeDisco/Assets/Spine/Editor/spine-unity/Editor/Utility/SpineEditorUtilities.cs:245)
Spine.Unity.Editor.SkeletonDataAssetInspector:InitializeEditor () (at D:/projects/CafeDisco/CafeDisco/Assets/Spine/Editor/spine-unity/Editor/Asset Types/SkeletonDataAssetInspector.cs:105)
Spine.Unity.Editor.SkeletonDataAssetInspector:OnEnable () (at D:/projects/CafeDisco/CafeDisco/Assets/Spine/Editor/spine-unity/Editor/Asset Types/SkeletonDataAssetInspector.cs:84)
UnityEditor.Editor:CreateEditorWithContextInternal (UnityEngine.Object[],UnityEngine.Object,System.Type)
UnityEditor.Editor:CreateEditorWithContext (UnityEngine.Object[],UnityEngine.Object,System.Type)
UnityEditor.Editor:CreateEditor (UnityEngine.Object,System.Type)
UnityEditor.Editor:CreateEditor (UnityEngine.Object)
UnityEditor.AssetPreviewUpdater:CreatePreview (UnityEngine.Object,UnityEngine.Object[],string,int,int)
UnityEditor.AssetPreviewUpdater:CreatePreviewForAsset (UnityEngine.Object,UnityEngine.Object[],string)

(Filename: D:/projects/CafeDisco/CafeDisco/Assets/Spine/Editor/spine-unity/Editor/Utility/SpineEditorUtilities.cs Line: 357)

Problematic material setup at Spine GameObject (MainIcon_MonthlyPassIcon): 
Warning: Premultiply-alpha atlas textures not supported in Linear color space!You can use a straight alpha texture with 'PMA Vertex Color' by choosing blend mode 'PMA Vertex, Straight Texture'.

If you have a PMA Texture, please
a) re-export atlas as straight alpha texture with 'premultiply alpha' unchecked
   (if you have already done this, please set the 'Straight Alpha Texture' Material parameter to 'true') or
b) switch to Gamma color space via
Project Settings - Player - Other Settings - Color Space.
UnityEngine.Debug:ExtractStackTraceNoAlloc (byte*,int,string)
UnityEngine.StackTraceUtility:ExtractStackTrace ()
UnityEngine.DebugLogHandler:Internal_Log (UnityEngine.LogType,UnityEngine.LogOption,string,UnityEngine.Object)
UnityEngine.DebugLogHandler:LogFormat (UnityEngine.LogType,UnityEngine.Object,string,object[])
UnityEngine.Logger:LogFormat (UnityEngine.LogType,UnityEngine.Object,string,object[])
UnityEngine.Debug:LogWarningFormat (UnityEngine.Object,string,object[])
Spine.Unity.SkeletonRenderer:Initialize (bool,bool) (at D:/projects/CafeDisco/CafeDisco/Assets/Spine/Runtime/spine-unity/Components/SkeletonRenderer.cs:515)
Spine.Unity.SkeletonAnimation:Initialize (bool,bool) (at D:/projects/CafeDisco/CafeDisco/Assets/Spine/Runtime/spine-unity/Components/SkeletonAnimation.cs:189)
Spine.Unity.Editor.EditorInstantiation:InstantiateSkeletonAnimation (Spine.Unity.SkeletonDataAsset,Spine.Skin,bool,bool) (at D:/projects/CafeDisco/CafeDisco/Assets/Spine/Editor/spine-unity/Editor/Utility/AssetUtility.cs:1405)
Spine.Unity.Editor.EditorInstantiation:InstantiateSkeletonAnimation (Spine.Unity.SkeletonDataAsset,string,bool,bool) (at D:/projects/CafeDisco/CafeDisco/Assets/Spine/Editor/spine-unity/Editor/Utility/AssetUtility.cs:1375)
Spine.Unity.Editor.SkeletonInspectorPreview:Initialize (System.Action,Spine.Unity.SkeletonDataAsset,string) (at D:/projects/CafeDisco/CafeDisco/Assets/Spine/Editor/spine-unity/Editor/Asset Types/SkeletonDataAssetInspector.cs:869)
Spine.Unity.Editor.SkeletonDataAssetInspector:InitializeEditor () (at D:/projects/CafeDisco/CafeDisco/Assets/Spine/Editor/spine-unity/Editor/Asset Types/SkeletonDataAssetInspector.cs:150)
Spine.Unity.Editor.SkeletonDataAssetInspector:OnEnable () (at D:/projects/CafeDisco/CafeDisco/Assets/Spine/Editor/spine-unity/Editor/Asset Types/SkeletonDataAssetInspector.cs:84)
UnityEditor.Editor:CreateEditorWithContextInternal (UnityEngine.Object[],UnityEngine.Object,System.Type)
UnityEditor.Editor:CreateEditorWithContext (UnityEngine.Object[],UnityEngine.Object,System.Type)
UnityEditor.Editor:CreateEditor (UnityEngine.Object,System.Type)
UnityEditor.Editor:CreateEditor (UnityEngine.Object)
UnityEditor.AssetPreviewUpdater:CreatePreview (UnityEngine.Object,UnityEngine.Object[],string,int,int)
UnityEditor.AssetPreviewUpdater:CreatePreviewForAsset (UnityEngine.Object,UnityEngine.Object[],string)

(Filename: D:/projects/CafeDisco/CafeDisco/Assets/Spine/Runtime/spine-unity/Components/SkeletonRenderer.cs Line: 515)

 -> (artifact id: 'becdd5c7665560e7f8b77dc8552f5dc8') in 0.1968608 seconds
Number of updated asset objects reloaded before import = 0Number of asset objects unloaded after import = 60

========================================================================
Received Import Request.
  Time since last request: 0.000026 seconds.
  path: Assets/Animations/Assets/Images/MainMenu/Icon/Start/MainIcon_BoogieJourney_SkeletonData.asset
  artifactKey: Guid(1782a7257260f7342a4e524d2ba9a246) Importer(815301076,1909f56bfc062723c751e8b465ee728b)
Start importing Assets/Animations/Assets/Images/MainMenu/Icon/Start/MainIcon_BoogieJourney_SkeletonData.asset using Guid(1782a7257260f7342a4e524d2ba9a246) Importer(815301076,1909f56bfc062723c751e8b465ee728b) (PreviewImporter)Problematic material setup at Spine GameObject (MainIcon_BoogieJourney): 
Warning: Premultiply-alpha atlas textures not supported in Linear color space!You can use a straight alpha texture with 'PMA Vertex Color' by choosing blend mode 'PMA Vertex, Straight Texture'.

If you have a PMA Texture, please
a) re-export atlas as straight alpha texture with 'premultiply alpha' unchecked
   (if you have already done this, please set the 'Straight Alpha Texture' Material parameter to 'true') or
b) switch to Gamma color space via
Project Settings - Player - Other Settings - Color Space.
UnityEngine.Debug:ExtractStackTraceNoAlloc (byte*,int,string)
UnityEngine.StackTraceUtility:ExtractStackTrace ()
UnityEngine.DebugLogHandler:Internal_Log (UnityEngine.LogType,UnityEngine.LogOption,string,UnityEngine.Object)
UnityEngine.DebugLogHandler:LogFormat (UnityEngine.LogType,UnityEngine.Object,string,object[])
UnityEngine.Logger:LogFormat (UnityEngine.LogType,UnityEngine.Object,string,object[])
UnityEngine.Debug:LogWarningFormat (UnityEngine.Object,string,object[])
Spine.Unity.SkeletonRenderer:Initialize (bool,bool) (at D:/projects/CafeDisco/CafeDisco/Assets/Spine/Runtime/spine-unity/Components/SkeletonRenderer.cs:515)
Spine.Unity.SkeletonAnimation:Initialize (bool,bool) (at D:/projects/CafeDisco/CafeDisco/Assets/Spine/Runtime/spine-unity/Components/SkeletonAnimation.cs:189)
Spine.Unity.Editor.EditorInstantiation:InstantiateSkeletonAnimation (Spine.Unity.SkeletonDataAsset,Spine.Skin,bool,bool) (at D:/projects/CafeDisco/CafeDisco/Assets/Spine/Editor/spine-unity/Editor/Utility/AssetUtility.cs:1405)
Spine.Unity.Editor.EditorInstantiation:InstantiateSkeletonAnimation (Spine.Unity.SkeletonDataAsset,string,bool,bool) (at D:/projects/CafeDisco/CafeDisco/Assets/Spine/Editor/spine-unity/Editor/Utility/AssetUtility.cs:1375)
Spine.Unity.Editor.SkeletonInspectorPreview:Initialize (System.Action,Spine.Unity.SkeletonDataAsset,string) (at D:/projects/CafeDisco/CafeDisco/Assets/Spine/Editor/spine-unity/Editor/Asset Types/SkeletonDataAssetInspector.cs:869)
Spine.Unity.Editor.SkeletonDataAssetInspector:InitializeEditor () (at D:/projects/CafeDisco/CafeDisco/Assets/Spine/Editor/spine-unity/Editor/Asset Types/SkeletonDataAssetInspector.cs:150)
Spine.Unity.Editor.SkeletonDataAssetInspector:OnEnable () (at D:/projects/CafeDisco/CafeDisco/Assets/Spine/Editor/spine-unity/Editor/Asset Types/SkeletonDataAssetInspector.cs:84)
UnityEditor.Editor:CreateEditorWithContextInternal (UnityEngine.Object[],UnityEngine.Object,System.Type)
UnityEditor.Editor:CreateEditorWithContext (UnityEngine.Object[],UnityEngine.Object,System.Type)
UnityEditor.Editor:CreateEditor (UnityEngine.Object,System.Type)
UnityEditor.Editor:CreateEditor (UnityEngine.Object)
UnityEditor.AssetPreviewUpdater:CreatePreview (UnityEngine.Object,UnityEngine.Object[],string,int,int)
UnityEditor.AssetPreviewUpdater:CreatePreviewForAsset (UnityEngine.Object,UnityEngine.Object[],string)

(Filename: D:/projects/CafeDisco/CafeDisco/Assets/Spine/Runtime/spine-unity/Components/SkeletonRenderer.cs Line: 515)

 -> (artifact id: 'ba2b7ba885abf0cd1dcdde8157d42235') in 0.0325261 seconds
Number of updated asset objects reloaded before import = 0Number of asset objects unloaded after import = 12

========================================================================
Received Import Request.
  Time since last request: 0.000034 seconds.
  path: Assets/Animations/Assets/Images/MainMenu/Icon/Start/MainIcon_Path2Prosperity.png
  artifactKey: Guid(260590fff7b0e5d4a959a84f25a8a0e2) Importer(815301076,1909f56bfc062723c751e8b465ee728b)
Start importing Assets/Animations/Assets/Images/MainMenu/Icon/Start/MainIcon_Path2Prosperity.png using Guid(260590fff7b0e5d4a959a84f25a8a0e2) Importer(815301076,1909f56bfc062723c751e8b465ee728b) (PreviewImporter) -> (artifact id: '33f2f7d5a29d9b6c7ff32caafa571112') in 0.0139828 seconds
Number of updated asset objects reloaded before import = 0Number of asset objects unloaded after import = 2

========================================================================
Received Import Request.
  Time since last request: 0.000021 seconds.
  path: Assets/Animations/Assets/Images/MainMenu/Icon/Start/MainIcon_Path2Prosperity_Material.mat
  artifactKey: Guid(b8c1a702f3ed831488960829c35116c3) Importer(815301076,1909f56bfc062723c751e8b465ee728b)
Start importing Assets/Animations/Assets/Images/MainMenu/Icon/Start/MainIcon_Path2Prosperity_Material.mat using Guid(b8c1a702f3ed831488960829c35116c3) Importer(815301076,1909f56bfc062723c751e8b465ee728b) (PreviewImporter) -> (artifact id: '8166d7f1b53f0ccb2567cdcab4a38998') in 0.0143283 seconds
Number of updated asset objects reloaded before import = 0Number of asset objects unloaded after import = 2

========================================================================
Received Import Request.
  Time since last request: 0.000023 seconds.
  path: Assets/Animations/Assets/Images/MainMenu/Icon/Start/MainIcon_MonthlyPassIcon_Material.mat
  artifactKey: Guid(139666cb5cf1e9240b582790c15f199a) Importer(815301076,1909f56bfc062723c751e8b465ee728b)
Start importing Assets/Animations/Assets/Images/MainMenu/Icon/Start/MainIcon_MonthlyPassIcon_Material.mat using Guid(139666cb5cf1e9240b582790c15f199a) Importer(815301076,1909f56bfc062723c751e8b465ee728b) (PreviewImporter) -> (artifact id: '8ca49de381e031c1758edab3b10bb1bc') in 0.0150992 seconds
Number of updated asset objects reloaded before import = 0Number of asset objects unloaded after import = 2

========================================================================
Received Import Request.
  Time since last request: 0.000021 seconds.
  path: Assets/Animations/Assets/Images/MainMenu/Icon/Start/MainIcon_Path2Prosperity_SkeletonData.asset
  artifactKey: Guid(e3137fbf1dc60664da73dee00f942c11) Importer(815301076,1909f56bfc062723c751e8b465ee728b)
Start importing Assets/Animations/Assets/Images/MainMenu/Icon/Start/MainIcon_Path2Prosperity_SkeletonData.asset using Guid(e3137fbf1dc60664da73dee00f942c11) Importer(815301076,1909f56bfc062723c751e8b465ee728b) (PreviewImporter)Problematic material setup at Spine GameObject (MainIcon_Path2Prosperity): 
Warning: Premultiply-alpha atlas textures not supported in Linear color space!You can use a straight alpha texture with 'PMA Vertex Color' by choosing blend mode 'PMA Vertex, Straight Texture'.

If you have a PMA Texture, please
a) re-export atlas as straight alpha texture with 'premultiply alpha' unchecked
   (if you have already done this, please set the 'Straight Alpha Texture' Material parameter to 'true') or
b) switch to Gamma color space via
Project Settings - Player - Other Settings - Color Space.
UnityEngine.Debug:ExtractStackTraceNoAlloc (byte*,int,string)
UnityEngine.StackTraceUtility:ExtractStackTrace ()
UnityEngine.DebugLogHandler:Internal_Log (UnityEngine.LogType,UnityEngine.LogOption,string,UnityEngine.Object)
UnityEngine.DebugLogHandler:LogFormat (UnityEngine.LogType,UnityEngine.Object,string,object[])
UnityEngine.Logger:LogFormat (UnityEngine.LogType,UnityEngine.Object,string,object[])
UnityEngine.Debug:LogWarningFormat (UnityEngine.Object,string,object[])
Spine.Unity.SkeletonRenderer:Initialize (bool,bool) (at D:/projects/CafeDisco/CafeDisco/Assets/Spine/Runtime/spine-unity/Components/SkeletonRenderer.cs:515)
Spine.Unity.SkeletonAnimation:Initialize (bool,bool) (at D:/projects/CafeDisco/CafeDisco/Assets/Spine/Runtime/spine-unity/Components/SkeletonAnimation.cs:189)
Spine.Unity.Editor.EditorInstantiation:InstantiateSkeletonAnimation (Spine.Unity.SkeletonDataAsset,Spine.Skin,bool,bool) (at D:/projects/CafeDisco/CafeDisco/Assets/Spine/Editor/spine-unity/Editor/Utility/AssetUtility.cs:1405)
Spine.Unity.Editor.EditorInstantiation:InstantiateSkeletonAnimation (Spine.Unity.SkeletonDataAsset,string,bool,bool) (at D:/projects/CafeDisco/CafeDisco/Assets/Spine/Editor/spine-unity/Editor/Utility/AssetUtility.cs:1375)
Spine.Unity.Editor.SkeletonInspectorPreview:Initialize (System.Action,Spine.Unity.SkeletonDataAsset,string) (at D:/projects/CafeDisco/CafeDisco/Assets/Spine/Editor/spine-unity/Editor/Asset Types/SkeletonDataAssetInspector.cs:869)
Spine.Unity.Editor.SkeletonDataAssetInspector:InitializeEditor () (at D:/projects/CafeDisco/CafeDisco/Assets/Spine/Editor/spine-unity/Editor/Asset Types/SkeletonDataAssetInspector.cs:150)
Spine.Unity.Editor.SkeletonDataAssetInspector:OnEnable () (at D:/projects/CafeDisco/CafeDisco/Assets/Spine/Editor/spine-unity/Editor/Asset Types/SkeletonDataAssetInspector.cs:84)
UnityEditor.Editor:CreateEditorWithContextInternal (UnityEngine.Object[],UnityEngine.Object,System.Type)
UnityEditor.Editor:CreateEditorWithContext (UnityEngine.Object[],UnityEngine.Object,System.Type)
UnityEditor.Editor:CreateEditor (UnityEngine.Object,System.Type)
UnityEditor.Editor:CreateEditor (UnityEngine.Object)
UnityEditor.AssetPreviewUpdater:CreatePreview (UnityEngine.Object,UnityEngine.Object[],string,int,int)
UnityEditor.AssetPreviewUpdater:CreatePreviewForAsset (UnityEngine.Object,UnityEngine.Object[],string)

(Filename: D:/projects/CafeDisco/CafeDisco/Assets/Spine/Runtime/spine-unity/Components/SkeletonRenderer.cs Line: 515)

 -> (artifact id: '74b8fc77ab6b8e9fba61948fb1648fd9') in 0.0251382 seconds
Number of updated asset objects reloaded before import = 0Number of asset objects unloaded after import = 12

Editor requested this worker to shutdown with reason: Scaling down because of idle timeout
AssetImportWorker is now disconnected from the server
Process exiting
Exiting without the bug reporter. Application will terminate with return code 0